2021-06-20 16:44:42,412 INFO org.springframework.boot.test.context.SpringBootTestContextBootstrapper [main] Neither @ContextConfiguration nor @ContextHierarchy found for test class [com.service.TenantServiceTest], using SpringBootContextLoader
2021-06-20 16:44:42,432 INFO org.springframework.test.context.support.AbstractContextLoader [main] Could not detect default resource locations for test class [com.service.TenantServiceTest]: no resource found for suffixes {-context.xml, Context.groovy}.
2021-06-20 16:44:42,435 INFO org.springframework.test.context.support.AnnotationConfigContextLoaderUtils [main] Could not detect default configuration classes for test class [com.service.TenantServiceTest]: TenantServiceTest does not declare any static, non-private, non-final, nested classes annotated with @Configuration.
2021-06-20 16:44:42,763 INFO org.springframework.boot.test.context.SpringBootTestContextBootstrapper [main] Found @SpringBootConfiguration com.OnlineFlatRentalSystemIntegrationApplication for test class com.service.TenantServiceTest
2021-06-20 16:44:43,050 INFO org.springframework.boot.test.context.SpringBootTestContextBootstrapper [main] Loaded default TestExecutionListener class names from location [META-INF/spring.factories]: [org.springframework.boot.test.autoconfigure.restdocs.RestDocsTestExecutionListener, org.springframework.boot.test.autoconfigure.web.client.MockRestServiceServerResetTestExecutionListener, org.springframework.boot.test.autoconfigure.web.servlet.MockMvcPrintOnlyOnFailureTestExecutionListener, org.springframework.boot.test.autoconfigure.web.servlet.WebDriverTestExecutionListener, org.springframework.boot.test.autoconfigure.webservices.client.MockWebServiceServerTestExecutionListener, org.springframework.boot.test.mock.mockito.MockitoTestExecutionListener, org.springframework.boot.test.mock.mockito.ResetMocksTestExecutionListener, org.springframework.test.context.web.ServletTestExecutionListener, org.springframework.test.context.support.DirtiesContextBeforeModesTestExecutionListener, org.springframework.test.context.event.ApplicationEventsTestExecutionListener, org.springframework.test.context.support.DependencyInjectionTestExecutionListener, org.springframework.test.context.support.DirtiesContextTestExecutionListener, org.springframework.test.context.transaction.TransactionalTestExecutionListener, org.springframework.test.context.jdbc.SqlScriptsTestExecutionListener, org.springframework.test.context.event.EventPublishingTestExecutionListener]
2021-06-20 16:44:43,104 INFO org.springframework.boot.test.context.SpringBootTestContextBootstrapper [main] Using TestExecutionListeners: [org.springframework.test.context.web.ServletTestExecutionListener@716a7124, org.springframework.test.context.support.DirtiesContextBeforeModesTestExecutionListener@77192705, org.springframework.test.context.event.ApplicationEventsTestExecutionListener@226642a5, org.springframework.boot.test.mock.mockito.MockitoTestExecutionListener@7e809b79, org.springframework.boot.test.autoconfigure.SpringBootDependencyInjectionTestExecutionListener@5cc126dc, org.springframework.test.context.support.DirtiesContextTestExecutionListener@625e134e, org.springframework.test.context.transaction.TransactionalTestExecutionListener@72bd06ca, org.springframework.test.context.jdbc.SqlScriptsTestExecutionListener@89c10b7, org.springframework.test.context.event.EventPublishingTestExecutionListener@5dbe30be, org.springframework.boot.test.autoconfigure.restdocs.RestDocsTestExecutionListener@4fe89c24, org.springframework.boot.test.autoconfigure.web.client.MockRestServiceServerResetTestExecutionListener@55795845, org.springframework.boot.test.autoconfigure.web.servlet.MockMvcPrintOnlyOnFailureTestExecutionListener@3d08f3f5, org.springframework.boot.test.autoconfigure.web.servlet.WebDriverTestExecutionListener@119f1f2a, org.springframework.boot.test.autoconfigure.webservices.client.MockWebServiceServerTestExecutionListener@1a1da881, org.springframework.boot.test.mock.mockito.ResetMocksTestExecutionListener@5b970f7]
2021-06-20 16:44:43,889 INFO com.service.TenantServiceTest [main] Starting TenantServiceTest using Java 15.0.2 on DESKTOP-NGM996T with PID 13332 (started by mahes in C:\Users\mahes\Desktop\TenantModuleProject (2)\OnlineFlatRentalSystemIntegration)
2021-06-20 16:44:43,896 INFO com.service.TenantServiceTest [main] No active profile set, falling back to default profiles: default
2021-06-20 16:44:47,608 INFO org.springframework.data.repository.config.RepositoryConfigurationDelegate [main] Bootstrapping Spring Data JPA repositories in DEFAULT mode.
2021-06-20 16:44:48,412 INFO org.springframework.data.repository.config.RepositoryConfigurationDelegate [main] Finished Spring Data repository scanning in 783 ms. Found 1 JPA repository interfaces.
2021-06-20 16:44:50,855 INFO com.zaxxer.hikari.HikariDataSource [main] HikariPool-1 - Starting...
2021-06-20 16:44:51,800 INFO com.zaxxer.hikari.HikariDataSource [main] HikariPool-1 - Start completed.
2021-06-20 16:44:52,749 INFO org.hibernate.jpa.internal.util.LogHelper [main] HHH000204: Processing PersistenceUnitInfo [name: default]
2021-06-20 16:44:52,900 INFO org.hibernate.Version [main] HHH000412: Hibernate ORM core version 5.4.32.Final
2021-06-20 16:44:53,014 INFO org.hibernate.annotations.common.Version [main] HCANN000001: Hibernate Commons Annotations {5.1.2.Final}
2021-06-20 16:44:53,450 INFO org.hibernate.dialect.Dialect [main] HHH000400: Using dialect: org.hibernate.dialect.PostgreSQL10Dialect
2021-06-20 16:44:58,990 INFO org.hibernate.tuple.PojoInstantiator [main] HHH000182: No default (no-argument) constructor for class: com.entities.Landlord (class must be instantiated by Interceptor)
2021-06-20 16:44:59,009 INFO org.hibernate.tuple.PojoInstantiator [main] HHH000182: No default (no-argument) constructor for class: com.entities.FlatBooking (class must be instantiated by Interceptor)
2021-06-20 16:45:01,187 INFO org.hibernate.engine.transaction.jta.platform.internal.JtaPlatformInitiator [main] HHH000490: Using JtaPlatform implementation: [org.hibernate.engine.transaction.jta.platform.internal.NoJtaPlatform]
2021-06-20 16:45:01,202 INFO org.springframework.orm.jpa.LocalContainerEntityManagerFactoryBean [main] Initialized JPA EntityManagerFactory for persistence unit 'default'
2021-06-20 16:45:02,138 WARN org.springframework.boot.autoconfigure.orm.jpa.JpaBaseConfiguration$JpaWebConfiguration [main] spring.jpa.open-in-view is enabled by default. Therefore, database queries may be performed during view rendering. Explicitly configure spring.jpa.open-in-view to disable this warning
2021-06-20 16:45:07,236 INFO com.service.TenantServiceTest [main] Started TenantServiceTest in 24.014 seconds (JVM running for 28.633)
2021-06-20 16:45:08,125 INFO org.springframework.orm.jpa.LocalContainerEntityManagerFactoryBean [SpringApplicationShutdownHook] Closing JPA EntityManagerFactory for persistence unit 'default'
2021-06-20 16:45:08,130 INFO com.zaxxer.hikari.HikariDataSource [SpringApplicationShutdownHook] HikariPool-1 - Shutdown initiated...
2021-06-20 16:45:08,150 INFO com.zaxxer.hikari.HikariDataSource [SpringApplicationShutdownHook] HikariPool-1 - Shutdown completed.
2021-06-20 16:46:41,336 INFO org.springframework.boot.test.context.SpringBootTestContextBootstrapper [main] Neither @ContextConfiguration nor @ContextHierarchy found for test class [com.service.TenantServiceTest], using SpringBootContextLoader
2021-06-20 16:46:41,353 INFO org.springframework.test.context.support.AbstractContextLoader [main] Could not detect default resource locations for test class [com.service.TenantServiceTest]: no resource found for suffixes {-context.xml, Context.groovy}.
2021-06-20 16:46:41,354 INFO org.springframework.test.context.support.AnnotationConfigContextLoaderUtils [main] Could not detect default configuration classes for test class [com.service.TenantServiceTest]: TenantServiceTest does not declare any static, non-private, non-final, nested classes annotated with @Configuration.
2021-06-20 16:46:41,744 INFO org.springframework.boot.test.context.SpringBootTestContextBootstrapper [main] Found @SpringBootConfiguration com.OnlineFlatRentalSystemIntegrationApplication for test class com.service.TenantServiceTest
2021-06-20 16:46:42,024 INFO org.springframework.boot.test.context.SpringBootTestContextBootstrapper [main] Loaded default TestExecutionListener class names from location [META-INF/spring.factories]: [org.springframework.boot.test.autoconfigure.restdocs.RestDocsTestExecutionListener, org.springframework.boot.test.autoconfigure.web.client.MockRestServiceServerResetTestExecutionListener, org.springframework.boot.test.autoconfigure.web.servlet.MockMvcPrintOnlyOnFailureTestExecutionListener, org.springframework.boot.test.autoconfigure.web.servlet.WebDriverTestExecutionListener, org.springframework.boot.test.autoconfigure.webservices.client.MockWebServiceServerTestExecutionListener, org.springframework.boot.test.mock.mockito.MockitoTestExecutionListener, org.springframework.boot.test.mock.mockito.ResetMocksTestExecutionListener, org.springframework.test.context.web.ServletTestExecutionListener, org.springframework.test.context.support.DirtiesContextBeforeModesTestExecutionListener, org.springframework.test.context.event.ApplicationEventsTestExecutionListener, org.springframework.test.context.support.DependencyInjectionTestExecutionListener, org.springframework.test.context.support.DirtiesContextTestExecutionListener, org.springframework.test.context.transaction.TransactionalTestExecutionListener, org.springframework.test.context.jdbc.SqlScriptsTestExecutionListener, org.springframework.test.context.event.EventPublishingTestExecutionListener]
2021-06-20 16:46:42,073 INFO org.springframework.boot.test.context.SpringBootTestContextBootstrapper [main] Using TestExecutionListeners: [org.springframework.test.context.web.ServletTestExecutionListener@716a7124, org.springframework.test.context.support.DirtiesContextBeforeModesTestExecutionListener@77192705, org.springframework.test.context.event.ApplicationEventsTestExecutionListener@226642a5, org.springframework.boot.test.mock.mockito.MockitoTestExecutionListener@7e809b79, org.springframework.boot.test.autoconfigure.SpringBootDependencyInjectionTestExecutionListener@5cc126dc, org.springframework.test.context.support.DirtiesContextTestExecutionListener@625e134e, org.springframework.test.context.transaction.TransactionalTestExecutionListener@72bd06ca, org.springframework.test.context.jdbc.SqlScriptsTestExecutionListener@89c10b7, org.springframework.test.context.event.EventPublishingTestExecutionListener@5dbe30be, org.springframework.boot.test.autoconfigure.restdocs.RestDocsTestExecutionListener@4fe89c24, org.springframework.boot.test.autoconfigure.web.client.MockRestServiceServerResetTestExecutionListener@55795845, org.springframework.boot.test.autoconfigure.web.servlet.MockMvcPrintOnlyOnFailureTestExecutionListener@3d08f3f5, org.springframework.boot.test.autoconfigure.web.servlet.WebDriverTestExecutionListener@119f1f2a, org.springframework.boot.test.autoconfigure.webservices.client.MockWebServiceServerTestExecutionListener@1a1da881, org.springframework.boot.test.mock.mockito.ResetMocksTestExecutionListener@5b970f7]
2021-06-20 16:46:42,868 INFO com.service.TenantServiceTest [main] Starting TenantServiceTest using Java 15.0.2 on DESKTOP-NGM996T with PID 2080 (started by mahes in C:\Users\mahes\Desktop\TenantModuleProject (2)\OnlineFlatRentalSystemIntegration)
2021-06-20 16:46:42,873 INFO com.service.TenantServiceTest [main] No active profile set, falling back to default profiles: default
2021-06-20 16:46:46,583 INFO org.springframework.data.repository.config.RepositoryConfigurationDelegate [main] Bootstrapping Spring Data JPA repositories in DEFAULT mode.
2021-06-20 16:46:47,376 INFO org.springframework.data.repository.config.RepositoryConfigurationDelegate [main] Finished Spring Data repository scanning in 775 ms. Found 1 JPA repository interfaces.
2021-06-20 16:46:49,811 INFO com.zaxxer.hikari.HikariDataSource [main] HikariPool-1 - Starting...
2021-06-20 16:46:50,958 INFO com.zaxxer.hikari.HikariDataSource [main] HikariPool-1 - Start completed.
2021-06-20 16:46:51,974 INFO org.hibernate.jpa.internal.util.LogHelper [main] HHH000204: Processing PersistenceUnitInfo [name: default]
2021-06-20 16:46:52,138 INFO org.hibernate.Version [main] HHH000412: Hibernate ORM core version 5.4.32.Final
2021-06-20 16:46:52,247 INFO org.hibernate.annotations.common.Version [main] HCANN000001: Hibernate Commons Annotations {5.1.2.Final}
2021-06-20 16:46:52,574 INFO org.hibernate.dialect.Dialect [main] HHH000400: Using dialect: org.hibernate.dialect.PostgreSQL10Dialect
2021-06-20 16:46:53,891 INFO org.hibernate.tuple.PojoInstantiator [main] HHH000182: No default (no-argument) constructor for class: com.entities.Landlord (class must be instantiated by Interceptor)
2021-06-20 16:46:53,904 INFO org.hibernate.tuple.PojoInstantiator [main] HHH000182: No default (no-argument) constructor for class: com.entities.FlatBooking (class must be instantiated by Interceptor)
2021-06-20 16:46:54,848 INFO org.hibernate.engine.transaction.jta.platform.internal.JtaPlatformInitiator [main] HHH000490: Using JtaPlatform implementation: [org.hibernate.engine.transaction.jta.platform.internal.NoJtaPlatform]
2021-06-20 16:46:54,864 INFO org.springframework.orm.jpa.LocalContainerEntityManagerFactoryBean [main] Initialized JPA EntityManagerFactory for persistence unit 'default'
2021-06-20 16:46:55,784 WARN org.springframework.boot.autoconfigure.orm.jpa.JpaBaseConfiguration$JpaWebConfiguration [main] spring.jpa.open-in-view is enabled by default. Therefore, database queries may be performed during view rendering. Explicitly configure spring.jpa.open-in-view to disable this warning
2021-06-20 16:47:01,800 INFO com.service.TenantServiceTest [main] Started TenantServiceTest in 19.612 seconds (JVM running for 23.296)
2021-06-20 16:47:02,275 INFO org.springframework.orm.jpa.LocalContainerEntityManagerFactoryBean [SpringApplicationShutdownHook] Closing JPA EntityManagerFactory for persistence unit 'default'
2021-06-20 16:47:02,281 INFO com.zaxxer.hikari.HikariDataSource [SpringApplicationShutdownHook] HikariPool-1 - Shutdown initiated...
2021-06-20 16:47:02,298 INFO com.zaxxer.hikari.HikariDataSource [SpringApplicationShutdownHook] HikariPool-1 - Shutdown completed.
2021-06-20 16:49:06,300 INFO org.springframework.boot.test.context.SpringBootTestContextBootstrapper [main] Neither @ContextConfiguration nor @ContextHierarchy found for test class [com.service.TenantServiceTest], using SpringBootContextLoader
2021-06-20 16:49:06,320 INFO org.springframework.test.context.support.AbstractContextLoader [main] Could not detect default resource locations for test class [com.service.TenantServiceTest]: no resource found for suffixes {-context.xml, Context.groovy}.
2021-06-20 16:49:06,322 INFO org.springframework.test.context.support.AnnotationConfigContextLoaderUtils [main] Could not detect default configuration classes for test class [com.service.TenantServiceTest]: TenantServiceTest does not declare any static, non-private, non-final, nested classes annotated with @Configuration.
2021-06-20 16:49:06,697 INFO org.springframework.boot.test.context.SpringBootTestContextBootstrapper [main] Found @SpringBootConfiguration com.OnlineFlatRentalSystemIntegrationApplication for test class com.service.TenantServiceTest
2021-06-20 16:49:06,948 INFO org.springframework.boot.test.context.SpringBootTestContextBootstrapper [main] Loaded default TestExecutionListener class names from location [META-INF/spring.factories]: [org.springframework.boot.test.autoconfigure.restdocs.RestDocsTestExecutionListener, org.springframework.boot.test.autoconfigure.web.client.MockRestServiceServerResetTestExecutionListener, org.springframework.boot.test.autoconfigure.web.servlet.MockMvcPrintOnlyOnFailureTestExecutionListener, org.springframework.boot.test.autoconfigure.web.servlet.WebDriverTestExecutionListener, org.springframework.boot.test.autoconfigure.webservices.client.MockWebServiceServerTestExecutionListener, org.springframework.boot.test.mock.mockito.MockitoTestExecutionListener, org.springframework.boot.test.mock.mockito.ResetMocksTestExecutionListener, org.springframework.test.context.web.ServletTestExecutionListener, org.springframework.test.context.support.DirtiesContextBeforeModesTestExecutionListener, org.springframework.test.context.event.ApplicationEventsTestExecutionListener, org.springframework.test.context.support.DependencyInjectionTestExecutionListener, org.springframework.test.context.support.DirtiesContextTestExecutionListener, org.springframework.test.context.transaction.TransactionalTestExecutionListener, org.springframework.test.context.jdbc.SqlScriptsTestExecutionListener, org.springframework.test.context.event.EventPublishingTestExecutionListener]
2021-06-20 16:49:06,997 INFO org.springframework.boot.test.context.SpringBootTestContextBootstrapper [main] Using TestExecutionListeners: [org.springframework.test.context.web.ServletTestExecutionListener@716a7124, org.springframework.test.context.support.DirtiesContextBeforeModesTestExecutionListener@77192705, org.springframework.test.context.event.ApplicationEventsTestExecutionListener@226642a5, org.springframework.boot.test.mock.mockito.MockitoTestExecutionListener@7e809b79, org.springframework.boot.test.autoconfigure.SpringBootDependencyInjectionTestExecutionListener@5cc126dc, org.springframework.test.context.support.DirtiesContextTestExecutionListener@625e134e, org.springframework.test.context.transaction.TransactionalTestExecutionListener@72bd06ca, org.springframework.test.context.jdbc.SqlScriptsTestExecutionListener@89c10b7, org.springframework.test.context.event.EventPublishingTestExecutionListener@5dbe30be, org.springframework.boot.test.autoconfigure.restdocs.RestDocsTestExecutionListener@4fe89c24, org.springframework.boot.test.autoconfigure.web.client.MockRestServiceServerResetTestExecutionListener@55795845, org.springframework.boot.test.autoconfigure.web.servlet.MockMvcPrintOnlyOnFailureTestExecutionListener@3d08f3f5, org.springframework.boot.test.autoconfigure.web.servlet.WebDriverTestExecutionListener@119f1f2a, org.springframework.boot.test.autoconfigure.webservices.client.MockWebServiceServerTestExecutionListener@1a1da881, org.springframework.boot.test.mock.mockito.ResetMocksTestExecutionListener@5b970f7]
2021-06-20 16:49:07,729 INFO com.service.TenantServiceTest [main] Starting TenantServiceTest using Java 15.0.2 on DESKTOP-NGM996T with PID 11756 (started by mahes in C:\Users\mahes\Desktop\TenantModuleProject (2)\OnlineFlatRentalSystemIntegration)
2021-06-20 16:49:07,733 INFO com.service.TenantServiceTest [main] No active profile set, falling back to default profiles: default
2021-06-20 16:49:11,170 INFO org.springframework.data.repository.config.RepositoryConfigurationDelegate [main] Bootstrapping Spring Data JPA repositories in DEFAULT mode.
2021-06-20 16:49:11,907 INFO org.springframework.data.repository.config.RepositoryConfigurationDelegate [main] Finished Spring Data repository scanning in 719 ms. Found 1 JPA repository interfaces.
2021-06-20 16:49:14,434 INFO com.zaxxer.hikari.HikariDataSource [main] HikariPool-1 - Starting...
2021-06-20 16:49:15,093 INFO com.zaxxer.hikari.HikariDataSource [main] HikariPool-1 - Start completed.
2021-06-20 16:49:16,129 INFO org.hibernate.jpa.internal.util.LogHelper [main] HHH000204: Processing PersistenceUnitInfo [name: default]
2021-06-20 16:49:16,327 INFO org.hibernate.Version [main] HHH000412: Hibernate ORM core version 5.4.32.Final
2021-06-20 16:49:16,476 INFO org.hibernate.annotations.common.Version [main] HCANN000001: Hibernate Commons Annotations {5.1.2.Final}
2021-06-20 16:49:16,866 INFO org.hibernate.dialect.Dialect [main] HHH000400: Using dialect: org.hibernate.dialect.PostgreSQL10Dialect
2021-06-20 16:49:18,184 INFO org.hibernate.tuple.PojoInstantiator [main] HHH000182: No default (no-argument) constructor for class: com.entities.Landlord (class must be instantiated by Interceptor)
2021-06-20 16:49:18,200 INFO org.hibernate.tuple.PojoInstantiator [main] HHH000182: No default (no-argument) constructor for class: com.entities.FlatBooking (class must be instantiated by Interceptor)
2021-06-20 16:49:19,131 INFO org.hibernate.engine.transaction.jta.platform.internal.JtaPlatformInitiator [main] HHH000490: Using JtaPlatform implementation: [org.hibernate.engine.transaction.jta.platform.internal.NoJtaPlatform]
2021-06-20 16:49:19,147 INFO org.springframework.orm.jpa.LocalContainerEntityManagerFactoryBean [main] Initialized JPA EntityManagerFactory for persistence unit 'default'
2021-06-20 16:49:20,071 WARN org.springframework.boot.autoconfigure.orm.jpa.JpaBaseConfiguration$JpaWebConfiguration [main] spring.jpa.open-in-view is enabled by default. Therefore, database queries may be performed during view rendering. Explicitly configure spring.jpa.open-in-view to disable this warning
2021-06-20 16:49:24,627 INFO com.service.TenantServiceTest [main] Started TenantServiceTest in 17.522 seconds (JVM running for 20.639)
2021-06-20 16:49:25,091 INFO org.springframework.orm.jpa.LocalContainerEntityManagerFactoryBean [SpringApplicationShutdownHook] Closing JPA EntityManagerFactory for persistence unit 'default'
2021-06-20 16:49:25,096 INFO com.zaxxer.hikari.HikariDataSource [SpringApplicationShutdownHook] HikariPool-1 - Shutdown initiated...
2021-06-20 16:49:25,113 INFO com.zaxxer.hikari.HikariDataSource [SpringApplicationShutdownHook] HikariPool-1 - Shutdown completed.
2021-06-20 16:49:45,999 INFO com.OnlineFlatRentalSystemIntegrationApplication [main] Starting OnlineFlatRentalSystemIntegrationApplication using Java 15.0.2 on DESKTOP-NGM996T with PID 1764 (C:\Users\mahes\Desktop\TenantModuleProject (2)\OnlineFlatRentalSystemIntegration\bin\main started by mahes in C:\Users\mahes\Desktop\TenantModuleProject (2)\OnlineFlatRentalSystemIntegration)
2021-06-20 16:49:46,004 INFO com.OnlineFlatRentalSystemIntegrationApplication [main] No active profile set, falling back to default profiles: default
2021-06-20 16:49:48,332 INFO org.springframework.data.repository.config.RepositoryConfigurationDelegate [main] Bootstrapping Spring Data JPA repositories in DEFAULT mode.
2021-06-20 16:49:48,956 INFO org.springframework.data.repository.config.RepositoryConfigurationDelegate [main] Finished Spring Data repository scanning in 601 ms. Found 1 JPA repository interfaces.
2021-06-20 16:49:50,079 INFO org.springframework.boot.web.embedded.tomcat.TomcatWebServer [main] Tomcat initialized with port(s): 8080 (http)
2021-06-20 16:49:50,094 INFO org.apache.coyote.http11.Http11NioProtocol [main] Initializing ProtocolHandler ["http-nio-8080"]
2021-06-20 16:49:50,095 INFO org.apache.catalina.core.StandardService [main] Starting service [Tomcat]
2021-06-20 16:49:50,095 INFO org.apache.catalina.core.StandardEngine [main] Starting Servlet engine: [Apache Tomcat/9.0.46]
2021-06-20 16:49:50,314 INFO org.apache.catalina.core.ContainerBase.[Tomcat].[localhost].[/] [main] Initializing Spring embedded WebApplicationContext
2021-06-20 16:49:50,314 INFO org.springframework.boot.web.servlet.context.ServletWebServerApplicationContext [main] Root WebApplicationContext: initialization completed in 4243 ms
2021-06-20 16:49:50,555 INFO com.zaxxer.hikari.HikariDataSource [main] HikariPool-1 - Starting...
2021-06-20 16:49:50,951 INFO com.zaxxer.hikari.HikariDataSource [main] HikariPool-1 - Start completed.
2021-06-20 16:49:51,568 INFO org.hibernate.jpa.internal.util.LogHelper [main] HHH000204: Processing PersistenceUnitInfo [name: default]
2021-06-20 16:49:51,675 INFO org.hibernate.Version [main] HHH000412: Hibernate ORM core version 5.4.32.Final
2021-06-20 16:49:51,881 INFO org.hibernate.annotations.common.Version [main] HCANN000001: Hibernate Commons Annotations {5.1.2.Final}
2021-06-20 16:49:52,067 INFO org.hibernate.dialect.Dialect [main] HHH000400: Using dialect: org.hibernate.dialect.PostgreSQL10Dialect
2021-06-20 16:49:53,807 INFO org.hibernate.tuple.PojoInstantiator [main] HHH000182: No default (no-argument) constructor for class: com.entities.Landlord (class must be instantiated by Interceptor)
2021-06-20 16:49:53,825 INFO org.hibernate.tuple.PojoInstantiator [main] HHH000182: No default (no-argument) constructor for class: com.entities.FlatBooking (class must be instantiated by Interceptor)
2021-06-20 16:49:54,695 INFO org.hibernate.engine.transaction.jta.platform.internal.JtaPlatformInitiator [main] HHH000490: Using JtaPlatform implementation: [org.hibernate.engine.transaction.jta.platform.internal.NoJtaPlatform]
2021-06-20 16:49:54,707 INFO org.springframework.orm.jpa.LocalContainerEntityManagerFactoryBean [main] Initialized JPA EntityManagerFactory for persistence unit 'default'
2021-06-20 16:49:55,450 WARN org.springframework.boot.autoconfigure.orm.jpa.JpaBaseConfiguration$JpaWebConfiguration [main] spring.jpa.open-in-view is enabled by default. Therefore, database queries may be performed during view rendering. Explicitly configure spring.jpa.open-in-view to disable this warning
2021-06-20 16:49:57,016 INFO org.apache.coyote.http11.Http11NioProtocol [main] Starting ProtocolHandler ["http-nio-8080"]
2021-06-20 16:49:57,097 INFO org.springframework.boot.web.embedded.tomcat.TomcatWebServer [main] Tomcat started on port(s): 8080 (http) with context path ''
2021-06-20 16:49:57,695 INFO com.OnlineFlatRentalSystemIntegrationApplication [main] Started OnlineFlatRentalSystemIntegrationApplication in 12.251 seconds (JVM running for 13.781)
2021-06-20 16:50:57,954 INFO org.springframework.boot.admin.SpringApplicationAdminMXBeanRegistrar$SpringApplicationAdmin [RMI TCP Connection(2)-127.0.0.1] Application shutdown requested.
2021-06-20 16:50:58,022 INFO org.springframework.orm.jpa.LocalContainerEntityManagerFactoryBean [RMI TCP Connection(2)-127.0.0.1] Closing JPA EntityManagerFactory for persistence unit 'default'
2021-06-20 16:50:58,024 INFO com.zaxxer.hikari.HikariDataSource [RMI TCP Connection(2)-127.0.0.1] HikariPool-1 - Shutdown initiated...
2021-06-20 16:50:58,035 INFO com.zaxxer.hikari.HikariDataSource [RMI TCP Connection(2)-127.0.0.1] HikariPool-1 - Shutdown completed.
2021-06-20 16:51:05,511 INFO com.OnlineFlatRentalSystemIntegrationApplication [main] Starting OnlineFlatRentalSystemIntegrationApplication using Java 15.0.2 on DESKTOP-NGM996T with PID 7372 (C:\Users\mahes\Desktop\TenantModuleProject (2)\OnlineFlatRentalSystemIntegration\bin\main started by mahes in C:\Users\mahes\Desktop\TenantModuleProject (2)\OnlineFlatRentalSystemIntegration)
2021-06-20 16:51:05,515 INFO com.OnlineFlatRentalSystemIntegrationApplication [main] No active profile set, falling back to default profiles: default
2021-06-20 16:51:07,681 INFO org.springframework.data.repository.config.RepositoryConfigurationDelegate [main] Bootstrapping Spring Data JPA repositories in DEFAULT mode.
2021-06-20 16:51:08,465 INFO org.springframework.data.repository.config.RepositoryConfigurationDelegate [main] Finished Spring Data repository scanning in 768 ms. Found 1 JPA repository interfaces.
2021-06-20 16:51:09,451 INFO org.springframework.boot.web.embedded.tomcat.TomcatWebServer [main] Tomcat initialized with port(s): 8080 (http)
2021-06-20 16:51:09,465 INFO org.apache.coyote.http11.Http11NioProtocol [main] Initializing ProtocolHandler ["http-nio-8080"]
2021-06-20 16:51:09,466 INFO org.apache.catalina.core.StandardService [main] Starting service [Tomcat]
2021-06-20 16:51:09,466 INFO org.apache.catalina.core.StandardEngine [main] Starting Servlet engine: [Apache Tomcat/9.0.46]
2021-06-20 16:51:09,648 INFO org.apache.catalina.core.ContainerBase.[Tomcat].[localhost].[/] [main] Initializing Spring embedded WebApplicationContext
2021-06-20 16:51:09,649 INFO org.springframework.boot.web.servlet.context.ServletWebServerApplicationContext [main] Root WebApplicationContext: initialization completed in 4055 ms
2021-06-20 16:51:09,899 INFO com.zaxxer.hikari.HikariDataSource [main] HikariPool-1 - Starting...
2021-06-20 16:51:10,189 INFO com.zaxxer.hikari.HikariDataSource [main] HikariPool-1 - Start completed.
2021-06-20 16:51:10,751 INFO org.hibernate.jpa.internal.util.LogHelper [main] HHH000204: Processing PersistenceUnitInfo [name: default]
2021-06-20 16:51:10,826 INFO org.hibernate.Version [main] HHH000412: Hibernate ORM core version 5.4.32.Final
2021-06-20 16:51:11,070 INFO org.hibernate.annotations.common.Version [main] HCANN000001: Hibernate Commons Annotations {5.1.2.Final}
2021-06-20 16:51:11,264 INFO org.hibernate.dialect.Dialect [main] HHH000400: Using dialect: org.hibernate.dialect.PostgreSQL10Dialect
2021-06-20 16:51:12,513 INFO org.hibernate.tuple.PojoInstantiator [main] HHH000182: No default (no-argument) constructor for class: com.entities.Landlord (class must be instantiated by Interceptor)
2021-06-20 16:51:12,528 INFO org.hibernate.tuple.PojoInstantiator [main] HHH000182: No default (no-argument) constructor for class: com.entities.FlatBooking (class must be instantiated by Interceptor)
2021-06-20 16:51:13,428 INFO org.hibernate.engine.transaction.jta.platform.internal.JtaPlatformInitiator [main] HHH000490: Using JtaPlatform implementation: [org.hibernate.engine.transaction.jta.platform.internal.NoJtaPlatform]
2021-06-20 16:51:13,441 INFO org.springframework.orm.jpa.LocalContainerEntityManagerFactoryBean [main] Initialized JPA EntityManagerFactory for persistence unit 'default'
2021-06-20 16:51:14,229 WARN org.springframework.boot.autoconfigure.orm.jpa.JpaBaseConfiguration$JpaWebConfiguration [main] spring.jpa.open-in-view is enabled by default. Therefore, database queries may be performed during view rendering. Explicitly configure spring.jpa.open-in-view to disable this warning
2021-06-20 16:51:15,638 INFO org.apache.coyote.http11.Http11NioProtocol [main] Starting ProtocolHandler ["http-nio-8080"]
2021-06-20 16:51:15,720 INFO org.springframework.boot.web.embedded.tomcat.TomcatWebServer [main] Tomcat started on port(s): 8080 (http) with context path ''
2021-06-20 16:51:16,117 INFO com.OnlineFlatRentalSystemIntegrationApplication [main] Started OnlineFlatRentalSystemIntegrationApplication in 11.128 seconds (JVM running for 13.382)
2021-06-20 16:51:42,989 INFO org.apache.catalina.core.ContainerBase.[Tomcat].[localhost].[/] [http-nio-8080-exec-1] Initializing Spring DispatcherServlet 'dispatcherServlet'
2021-06-20 16:51:42,989 INFO org.springframework.web.servlet.DispatcherServlet [http-nio-8080-exec-1] Initializing Servlet 'dispatcherServlet'
2021-06-20 16:51:42,991 INFO org.springframework.web.servlet.DispatcherServlet [http-nio-8080-exec-1] Completed initialization in 2 ms
