2021-06-20 00:03:20,548 INFO org.springframework.boot.admin.SpringApplicationAdminMXBeanRegistrar$SpringApplicationAdmin [RMI TCP Connection(2)-127.0.0.1] Application shutdown requested.
2021-06-20 00:03:20,649 INFO org.springframework.orm.jpa.LocalContainerEntityManagerFactoryBean [RMI TCP Connection(2)-127.0.0.1] Closing JPA EntityManagerFactory for persistence unit 'default'
2021-06-20 00:03:20,652 INFO com.zaxxer.hikari.HikariDataSource [RMI TCP Connection(2)-127.0.0.1] HikariPool-1 - Shutdown initiated...
2021-06-20 00:03:20,668 INFO com.zaxxer.hikari.HikariDataSource [RMI TCP Connection(2)-127.0.0.1] HikariPool-1 - Shutdown completed.
2021-06-20 00:03:27,168 INFO com.TenantModuleProjectApplication [main] Starting TenantModuleProjectApplication using Java 15.0.2 on DESKTOP-NGM996T with PID 10604 (C:\Users\mahes\TenentModule\TenantModuleProject\bin\main started by mahes in C:\Users\mahes\TenentModule\TenantModuleProject)
2021-06-20 00:03:27,174 INFO com.TenantModuleProjectApplication [main] No active profile set, falling back to default profiles: default
2021-06-20 00:03:29,326 INFO org.springframework.data.repository.config.RepositoryConfigurationDelegate [main] Bootstrapping Spring Data JPA repositories in DEFAULT mode.
2021-06-20 00:03:29,854 INFO org.springframework.data.repository.config.RepositoryConfigurationDelegate [main] Finished Spring Data repository scanning in 516 ms. Found 1 JPA repository interfaces.
2021-06-20 00:03:30,699 INFO org.springframework.boot.web.embedded.tomcat.TomcatWebServer [main] Tomcat initialized with port(s): 8080 (http)
2021-06-20 00:03:30,713 INFO org.apache.coyote.http11.Http11NioProtocol [main] Initializing ProtocolHandler ["http-nio-8080"]
2021-06-20 00:03:30,714 INFO org.apache.catalina.core.StandardService [main] Starting service [Tomcat]
2021-06-20 00:03:30,714 INFO org.apache.catalina.core.StandardEngine [main] Starting Servlet engine: [Apache Tomcat/9.0.46]
2021-06-20 00:03:30,908 INFO org.apache.catalina.core.ContainerBase.[Tomcat].[localhost].[/] [main] Initializing Spring embedded WebApplicationContext
2021-06-20 00:03:30,908 INFO org.springframework.boot.web.servlet.context.ServletWebServerApplicationContext [main] Root WebApplicationContext: initialization completed in 3657 ms
2021-06-20 00:03:31,151 INFO com.zaxxer.hikari.HikariDataSource [main] HikariPool-1 - Starting...
2021-06-20 00:03:31,431 INFO com.zaxxer.hikari.HikariDataSource [main] HikariPool-1 - Start completed.
2021-06-20 00:03:31,973 INFO org.hibernate.jpa.internal.util.LogHelper [main] HHH000204: Processing PersistenceUnitInfo [name: default]
2021-06-20 00:03:32,048 INFO org.hibernate.Version [main] HHH000412: Hibernate ORM core version 5.4.32.Final
2021-06-20 00:03:32,276 INFO org.hibernate.annotations.common.Version [main] HCANN000001: Hibernate Commons Annotations {5.1.2.Final}
2021-06-20 00:03:32,454 INFO org.hibernate.dialect.Dialect [main] HHH000400: Using dialect: org.hibernate.dialect.PostgreSQL10Dialect
2021-06-20 00:03:33,514 INFO org.hibernate.tuple.PojoInstantiator [main] HHH000182: No default (no-argument) constructor for class: com.entities.Landlord (class must be instantiated by Interceptor)
2021-06-20 00:03:33,530 INFO org.hibernate.tuple.PojoInstantiator [main] HHH000182: No default (no-argument) constructor for class: com.entities.FlatBooking (class must be instantiated by Interceptor)
2021-06-20 00:03:34,437 INFO org.hibernate.engine.transaction.jta.platform.internal.JtaPlatformInitiator [main] HHH000490: Using JtaPlatform implementation: [org.hibernate.engine.transaction.jta.platform.internal.NoJtaPlatform]
2021-06-20 00:03:34,451 INFO org.springframework.orm.jpa.LocalContainerEntityManagerFactoryBean [main] Initialized JPA EntityManagerFactory for persistence unit 'default'
2021-06-20 00:03:35,395 WARN org.springframework.boot.autoconfigure.orm.jpa.JpaBaseConfiguration$JpaWebConfiguration [main] spring.jpa.open-in-view is enabled by default. Therefore, database queries may be performed during view rendering. Explicitly configure spring.jpa.open-in-view to disable this warning
2021-06-20 00:03:36,789 INFO org.apache.coyote.http11.Http11NioProtocol [main] Starting ProtocolHandler ["http-nio-8080"]
2021-06-20 00:03:36,882 INFO org.springframework.boot.web.embedded.tomcat.TomcatWebServer [main] Tomcat started on port(s): 8080 (http) with context path ''
2021-06-20 00:03:37,262 INFO com.TenantModuleProjectApplication [main] Started TenantModuleProjectApplication in 10.601 seconds (JVM running for 12.252)
2021-06-20 00:03:54,243 INFO org.apache.catalina.core.ContainerBase.[Tomcat].[localhost].[/] [http-nio-8080-exec-1] Initializing Spring DispatcherServlet 'dispatcherServlet'
2021-06-20 00:03:54,244 INFO org.springframework.web.servlet.DispatcherServlet [http-nio-8080-exec-1] Initializing Servlet 'dispatcherServlet'
2021-06-20 00:03:54,247 INFO org.springframework.web.servlet.DispatcherServlet [http-nio-8080-exec-1] Completed initialization in 3 ms
2021-06-20 00:08:43,558 INFO org.springframework.boot.admin.SpringApplicationAdminMXBeanRegistrar$SpringApplicationAdmin [RMI TCP Connection(2)-127.0.0.1] Application shutdown requested.
2021-06-20 00:08:43,614 INFO org.springframework.orm.jpa.LocalContainerEntityManagerFactoryBean [RMI TCP Connection(2)-127.0.0.1] Closing JPA EntityManagerFactory for persistence unit 'default'
2021-06-20 00:08:43,616 INFO com.zaxxer.hikari.HikariDataSource [RMI TCP Connection(2)-127.0.0.1] HikariPool-1 - Shutdown initiated...
2021-06-20 00:08:43,626 INFO com.zaxxer.hikari.HikariDataSource [RMI TCP Connection(2)-127.0.0.1] HikariPool-1 - Shutdown completed.
2021-06-20 00:08:49,947 INFO com.TenantModuleProjectApplication [main] Starting TenantModuleProjectApplication using Java 15.0.2 on DESKTOP-NGM996T with PID 11228 (C:\Users\mahes\TenentModule\TenantModuleProject\bin\main started by mahes in C:\Users\mahes\TenentModule\TenantModuleProject)
2021-06-20 00:08:49,951 INFO com.TenantModuleProjectApplication [main] No active profile set, falling back to default profiles: default
2021-06-20 00:08:52,151 INFO org.springframework.data.repository.config.RepositoryConfigurationDelegate [main] Bootstrapping Spring Data JPA repositories in DEFAULT mode.
2021-06-20 00:08:52,689 INFO org.springframework.data.repository.config.RepositoryConfigurationDelegate [main] Finished Spring Data repository scanning in 525 ms. Found 1 JPA repository interfaces.
2021-06-20 00:08:53,583 INFO org.springframework.boot.web.embedded.tomcat.TomcatWebServer [main] Tomcat initialized with port(s): 8080 (http)
2021-06-20 00:08:53,596 INFO org.apache.coyote.http11.Http11NioProtocol [main] Initializing ProtocolHandler ["http-nio-8080"]
2021-06-20 00:08:53,597 INFO org.apache.catalina.core.StandardService [main] Starting service [Tomcat]
2021-06-20 00:08:53,597 INFO org.apache.catalina.core.StandardEngine [main] Starting Servlet engine: [Apache Tomcat/9.0.46]
2021-06-20 00:08:53,806 INFO org.apache.catalina.core.ContainerBase.[Tomcat].[localhost].[/] [main] Initializing Spring embedded WebApplicationContext
2021-06-20 00:08:53,806 INFO org.springframework.boot.web.servlet.context.ServletWebServerApplicationContext [main] Root WebApplicationContext: initialization completed in 3753 ms
2021-06-20 00:08:54,156 INFO com.zaxxer.hikari.HikariDataSource [main] HikariPool-1 - Starting...
2021-06-20 00:08:54,586 INFO com.zaxxer.hikari.HikariDataSource [main] HikariPool-1 - Start completed.
2021-06-20 00:08:55,159 INFO org.hibernate.jpa.internal.util.LogHelper [main] HHH000204: Processing PersistenceUnitInfo [name: default]
2021-06-20 00:08:55,243 INFO org.hibernate.Version [main] HHH000412: Hibernate ORM core version 5.4.32.Final
2021-06-20 00:08:55,464 INFO org.hibernate.annotations.common.Version [main] HCANN000001: Hibernate Commons Annotations {5.1.2.Final}
2021-06-20 00:08:55,651 INFO org.hibernate.dialect.Dialect [main] HHH000400: Using dialect: org.hibernate.dialect.PostgreSQL10Dialect
2021-06-20 00:08:56,752 INFO org.hibernate.tuple.PojoInstantiator [main] HHH000182: No default (no-argument) constructor for class: com.entities.Landlord (class must be instantiated by Interceptor)
2021-06-20 00:08:56,767 INFO org.hibernate.tuple.PojoInstantiator [main] HHH000182: No default (no-argument) constructor for class: com.entities.FlatBooking (class must be instantiated by Interceptor)
2021-06-20 00:08:57,061 WARN org.hibernate.tool.schema.internal.ExceptionHandlerLoggedImpl [main] GenerationTarget encountered exception accepting command : Error executing DDL "alter table if exists tenants add column tenant age int4" via JDBC Statement
org.hibernate.tool.schema.spi.CommandAcceptanceException: Error executing DDL "alter table if exists tenants add column tenant age int4" via JDBC Statement
	at org.hibernate.tool.schema.internal.exec.GenerationTargetToDatabase.accept(GenerationTargetToDatabase.java:67)
	at org.hibernate.tool.schema.internal.AbstractSchemaMigrator.applySqlString(AbstractSchemaMigrator.java:562)
	at org.hibernate.tool.schema.internal.AbstractSchemaMigrator.applySqlStrings(AbstractSchemaMigrator.java:583)
	at org.hibernate.tool.schema.internal.AbstractSchemaMigrator.migrateTable(AbstractSchemaMigrator.java:297)
	at org.hibernate.tool.schema.internal.GroupedSchemaMigratorImpl.performTablesMigration(GroupedSchemaMigratorImpl.java:75)
	at org.hibernate.tool.schema.internal.AbstractSchemaMigrator.performMigration(AbstractSchemaMigrator.java:207)
	at org.hibernate.tool.schema.internal.AbstractSchemaMigrator.doMigration(AbstractSchemaMigrator.java:114)
	at org.hibernate.tool.schema.spi.SchemaManagementToolCoordinator.performDatabaseAction(SchemaManagementToolCoordinator.java:184)
	at org.hibernate.tool.schema.spi.SchemaManagementToolCoordinator.process(SchemaManagementToolCoordinator.java:73)
	at org.hibernate.internal.SessionFactoryImpl.<init>(SessionFactoryImpl.java:318)
	at org.hibernate.boot.internal.SessionFactoryBuilderImpl.build(SessionFactoryBuilderImpl.java:468)
	at org.hibernate.jpa.boot.internal.EntityManagerFactoryBuilderImpl.build(EntityManagerFactoryBuilderImpl.java:1259)
	at org.springframework.orm.jpa.vendor.SpringHibernateJpaPersistenceProvider.createContainerEntityManagerFactory(SpringHibernateJpaPersistenceProvider.java:58)
	at org.springframework.orm.jpa.LocalContainerEntityManagerFactoryBean.createNativeEntityManagerFactory(LocalContainerEntityManagerFactoryBean.java:365)
	at org.springframework.orm.jpa.AbstractEntityManagerFactoryBean.buildNativeEntityManagerFactory(AbstractEntityManagerFactoryBean.java:409)
	at org.springframework.orm.jpa.AbstractEntityManagerFactoryBean.afterPropertiesSet(AbstractEntityManagerFactoryBean.java:396)
	at org.springframework.orm.jpa.LocalContainerEntityManagerFactoryBean.afterPropertiesSet(LocalContainerEntityManagerFactoryBean.java:341)
	at org.springframework.beans.factory.support.AbstractAutowireCapableBeanFactory.invokeInitMethods(AbstractAutowireCapableBeanFactory.java:1845)
	at org.springframework.beans.factory.support.AbstractAutowireCapableBeanFactory.initializeBean(AbstractAutowireCapableBeanFactory.java:1782)
	at org.springframework.beans.factory.support.AbstractAutowireCapableBeanFactory.doCreateBean(AbstractAutowireCapableBeanFactory.java:602)
	at org.springframework.beans.factory.support.AbstractAutowireCapableBeanFactory.createBean(AbstractAutowireCapableBeanFactory.java:524)
	at org.springframework.beans.factory.support.AbstractBeanFactory.lambda$doGetBean$0(AbstractBeanFactory.java:335)
	at org.springframework.beans.factory.support.DefaultSingletonBeanRegistry.getSingleton(DefaultSingletonBeanRegistry.java:234)
	at org.springframework.beans.factory.support.AbstractBeanFactory.doGetBean(AbstractBeanFactory.java:333)
	at org.springframework.beans.factory.support.AbstractBeanFactory.getBean(AbstractBeanFactory.java:208)
	at org.springframework.context.support.AbstractApplicationContext.getBean(AbstractApplicationContext.java:1154)
	at org.springframework.context.support.AbstractApplicationContext.finishBeanFactoryInitialization(AbstractApplicationContext.java:908)
	at org.springframework.context.support.AbstractApplicationContext.refresh(AbstractApplicationContext.java:583)
	at org.springframework.boot.web.servlet.context.ServletWebServerApplicationContext.refresh(ServletWebServerApplicationContext.java:145)
	at org.springframework.boot.SpringApplication.refresh(SpringApplication.java:754)
	at org.springframework.boot.SpringApplication.refreshContext(SpringApplication.java:434)
	at org.springframework.boot.SpringApplication.run(SpringApplication.java:338)
	at org.springframework.boot.SpringApplication.run(SpringApplication.java:1343)
	at org.springframework.boot.SpringApplication.run(SpringApplication.java:1332)
	at com.TenantModuleProjectApplication.main(TenantModuleProjectApplication.java:18)
Caused by: org.postgresql.util.PSQLException: ERROR: syntax error at or near "int4"
  Position: 53
	at org.postgresql.core.v3.QueryExecutorImpl.receiveErrorResponse(QueryExecutorImpl.java:2553)
	at org.postgresql.core.v3.QueryExecutorImpl.processResults(QueryExecutorImpl.java:2285)
	at org.postgresql.core.v3.QueryExecutorImpl.execute(QueryExecutorImpl.java:323)
	at org.postgresql.jdbc.PgStatement.executeInternal(PgStatement.java:481)
	at org.postgresql.jdbc.PgStatement.execute(PgStatement.java:401)
	at org.postgresql.jdbc.PgStatement.executeWithFlags(PgStatement.java:322)
	at org.postgresql.jdbc.PgStatement.executeCachedSql(PgStatement.java:308)
	at org.postgresql.jdbc.PgStatement.executeWithFlags(PgStatement.java:284)
	at org.postgresql.jdbc.PgStatement.execute(PgStatement.java:279)
	at com.zaxxer.hikari.pool.ProxyStatement.execute(ProxyStatement.java:94)
	at com.zaxxer.hikari.pool.HikariProxyStatement.execute(HikariProxyStatement.java)
	at org.hibernate.tool.schema.internal.exec.GenerationTargetToDatabase.accept(GenerationTargetToDatabase.java:54)
	... 34 common frames omitted
2021-06-20 00:08:57,072 WARN org.hibernate.tool.schema.internal.ExceptionHandlerLoggedImpl [main] GenerationTarget encountered exception accepting command : Error executing DDL "alter table if exists tenants add column tenant name varchar(255)" via JDBC Statement
org.hibernate.tool.schema.spi.CommandAcceptanceException: Error executing DDL "alter table if exists tenants add column tenant name varchar(255)" via JDBC Statement
	at org.hibernate.tool.schema.internal.exec.GenerationTargetToDatabase.accept(GenerationTargetToDatabase.java:67)
	at org.hibernate.tool.schema.internal.AbstractSchemaMigrator.applySqlString(AbstractSchemaMigrator.java:562)
	at org.hibernate.tool.schema.internal.AbstractSchemaMigrator.applySqlStrings(AbstractSchemaMigrator.java:583)
	at org.hibernate.tool.schema.internal.AbstractSchemaMigrator.migrateTable(AbstractSchemaMigrator.java:297)
	at org.hibernate.tool.schema.internal.GroupedSchemaMigratorImpl.performTablesMigration(GroupedSchemaMigratorImpl.java:75)
	at org.hibernate.tool.schema.internal.AbstractSchemaMigrator.performMigration(AbstractSchemaMigrator.java:207)
	at org.hibernate.tool.schema.internal.AbstractSchemaMigrator.doMigration(AbstractSchemaMigrator.java:114)
	at org.hibernate.tool.schema.spi.SchemaManagementToolCoordinator.performDatabaseAction(SchemaManagementToolCoordinator.java:184)
	at org.hibernate.tool.schema.spi.SchemaManagementToolCoordinator.process(SchemaManagementToolCoordinator.java:73)
	at org.hibernate.internal.SessionFactoryImpl.<init>(SessionFactoryImpl.java:318)
	at org.hibernate.boot.internal.SessionFactoryBuilderImpl.build(SessionFactoryBuilderImpl.java:468)
	at org.hibernate.jpa.boot.internal.EntityManagerFactoryBuilderImpl.build(EntityManagerFactoryBuilderImpl.java:1259)
	at org.springframework.orm.jpa.vendor.SpringHibernateJpaPersistenceProvider.createContainerEntityManagerFactory(SpringHibernateJpaPersistenceProvider.java:58)
	at org.springframework.orm.jpa.LocalContainerEntityManagerFactoryBean.createNativeEntityManagerFactory(LocalContainerEntityManagerFactoryBean.java:365)
	at org.springframework.orm.jpa.AbstractEntityManagerFactoryBean.buildNativeEntityManagerFactory(AbstractEntityManagerFactoryBean.java:409)
	at org.springframework.orm.jpa.AbstractEntityManagerFactoryBean.afterPropertiesSet(AbstractEntityManagerFactoryBean.java:396)
	at org.springframework.orm.jpa.LocalContainerEntityManagerFactoryBean.afterPropertiesSet(LocalContainerEntityManagerFactoryBean.java:341)
	at org.springframework.beans.factory.support.AbstractAutowireCapableBeanFactory.invokeInitMethods(AbstractAutowireCapableBeanFactory.java:1845)
	at org.springframework.beans.factory.support.AbstractAutowireCapableBeanFactory.initializeBean(AbstractAutowireCapableBeanFactory.java:1782)
	at org.springframework.beans.factory.support.AbstractAutowireCapableBeanFactory.doCreateBean(AbstractAutowireCapableBeanFactory.java:602)
	at org.springframework.beans.factory.support.AbstractAutowireCapableBeanFactory.createBean(AbstractAutowireCapableBeanFactory.java:524)
	at org.springframework.beans.factory.support.AbstractBeanFactory.lambda$doGetBean$0(AbstractBeanFactory.java:335)
	at org.springframework.beans.factory.support.DefaultSingletonBeanRegistry.getSingleton(DefaultSingletonBeanRegistry.java:234)
	at org.springframework.beans.factory.support.AbstractBeanFactory.doGetBean(AbstractBeanFactory.java:333)
	at org.springframework.beans.factory.support.AbstractBeanFactory.getBean(AbstractBeanFactory.java:208)
	at org.springframework.context.support.AbstractApplicationContext.getBean(AbstractApplicationContext.java:1154)
	at org.springframework.context.support.AbstractApplicationContext.finishBeanFactoryInitialization(AbstractApplicationContext.java:908)
	at org.springframework.context.support.AbstractApplicationContext.refresh(AbstractApplicationContext.java:583)
	at org.springframework.boot.web.servlet.context.ServletWebServerApplicationContext.refresh(ServletWebServerApplicationContext.java:145)
	at org.springframework.boot.SpringApplication.refresh(SpringApplication.java:754)
	at org.springframework.boot.SpringApplication.refreshContext(SpringApplication.java:434)
	at org.springframework.boot.SpringApplication.run(SpringApplication.java:338)
	at org.springframework.boot.SpringApplication.run(SpringApplication.java:1343)
	at org.springframework.boot.SpringApplication.run(SpringApplication.java:1332)
	at com.TenantModuleProjectApplication.main(TenantModuleProjectApplication.java:18)
Caused by: org.postgresql.util.PSQLException: ERROR: syntax error at or near "varchar"
  Position: 54
	at org.postgresql.core.v3.QueryExecutorImpl.receiveErrorResponse(QueryExecutorImpl.java:2553)
	at org.postgresql.core.v3.QueryExecutorImpl.processResults(QueryExecutorImpl.java:2285)
	at org.postgresql.core.v3.QueryExecutorImpl.execute(QueryExecutorImpl.java:323)
	at org.postgresql.jdbc.PgStatement.executeInternal(PgStatement.java:481)
	at org.postgresql.jdbc.PgStatement.execute(PgStatement.java:401)
	at org.postgresql.jdbc.PgStatement.executeWithFlags(PgStatement.java:322)
	at org.postgresql.jdbc.PgStatement.executeCachedSql(PgStatement.java:308)
	at org.postgresql.jdbc.PgStatement.executeWithFlags(PgStatement.java:284)
	at org.postgresql.jdbc.PgStatement.execute(PgStatement.java:279)
	at com.zaxxer.hikari.pool.ProxyStatement.execute(ProxyStatement.java:94)
	at com.zaxxer.hikari.pool.HikariProxyStatement.execute(HikariProxyStatement.java)
	at org.hibernate.tool.schema.internal.exec.GenerationTargetToDatabase.accept(GenerationTargetToDatabase.java:54)
	... 34 common frames omitted
2021-06-20 00:08:57,826 INFO org.hibernate.engine.transaction.jta.platform.internal.JtaPlatformInitiator [main] HHH000490: Using JtaPlatform implementation: [org.hibernate.engine.transaction.jta.platform.internal.NoJtaPlatform]
2021-06-20 00:08:57,841 INFO org.springframework.orm.jpa.LocalContainerEntityManagerFactoryBean [main] Initialized JPA EntityManagerFactory for persistence unit 'default'
2021-06-20 00:08:58,681 WARN org.springframework.boot.autoconfigure.orm.jpa.JpaBaseConfiguration$JpaWebConfiguration [main] spring.jpa.open-in-view is enabled by default. Therefore, database queries may be performed during view rendering. Explicitly configure spring.jpa.open-in-view to disable this warning
2021-06-20 00:09:00,097 INFO org.apache.coyote.http11.Http11NioProtocol [main] Starting ProtocolHandler ["http-nio-8080"]
2021-06-20 00:09:00,182 INFO org.springframework.boot.web.embedded.tomcat.TomcatWebServer [main] Tomcat started on port(s): 8080 (http) with context path ''
2021-06-20 00:09:00,607 INFO com.TenantModuleProjectApplication [main] Started TenantModuleProjectApplication in 11.182 seconds (JVM running for 12.782)
2021-06-20 00:18:25,196 INFO org.springframework.boot.test.context.SpringBootTestContextBootstrapper [main] Neither @ContextConfiguration nor @ContextHierarchy found for test class [com.service.TenantServiceTest], using SpringBootContextLoader
2021-06-20 00:18:25,207 INFO org.springframework.test.context.support.AbstractContextLoader [main] Could not detect default resource locations for test class [com.service.TenantServiceTest]: no resource found for suffixes {-context.xml, Context.groovy}.
2021-06-20 00:18:25,208 INFO org.springframework.test.context.support.AnnotationConfigContextLoaderUtils [main] Could not detect default configuration classes for test class [com.service.TenantServiceTest]: TenantServiceTest does not declare any static, non-private, non-final, nested classes annotated with @Configuration.
2021-06-20 00:18:25,499 INFO org.springframework.boot.test.context.SpringBootTestContextBootstrapper [main] Found @SpringBootConfiguration com.TenantModuleProjectApplication for test class com.service.TenantServiceTest
2021-06-20 00:18:25,755 INFO org.springframework.boot.test.context.SpringBootTestContextBootstrapper [main] Loaded default TestExecutionListener class names from location [META-INF/spring.factories]: [org.springframework.boot.test.autoconfigure.restdocs.RestDocsTestExecutionListener, org.springframework.boot.test.autoconfigure.web.client.MockRestServiceServerResetTestExecutionListener, org.springframework.boot.test.autoconfigure.web.servlet.MockMvcPrintOnlyOnFailureTestExecutionListener, org.springframework.boot.test.autoconfigure.web.servlet.WebDriverTestExecutionListener, org.springframework.boot.test.autoconfigure.webservices.client.MockWebServiceServerTestExecutionListener, org.springframework.boot.test.mock.mockito.MockitoTestExecutionListener, org.springframework.boot.test.mock.mockito.ResetMocksTestExecutionListener, org.springframework.test.context.web.ServletTestExecutionListener, org.springframework.test.context.support.DirtiesContextBeforeModesTestExecutionListener, org.springframework.test.context.event.ApplicationEventsTestExecutionListener, org.springframework.test.context.support.DependencyInjectionTestExecutionListener, org.springframework.test.context.support.DirtiesContextTestExecutionListener, org.springframework.test.context.transaction.TransactionalTestExecutionListener, org.springframework.test.context.jdbc.SqlScriptsTestExecutionListener, org.springframework.test.context.event.EventPublishingTestExecutionListener]
2021-06-20 00:18:25,812 INFO org.springframework.boot.test.context.SpringBootTestContextBootstrapper [main] Using TestExecutionListeners: [org.springframework.test.context.web.ServletTestExecutionListener@756cf158, org.springframework.test.context.support.DirtiesContextBeforeModesTestExecutionListener@3f2ef586, org.springframework.test.context.event.ApplicationEventsTestExecutionListener@751d3241, org.springframework.boot.test.mock.mockito.MockitoTestExecutionListener@76c7beb3, org.springframework.boot.test.autoconfigure.SpringBootDependencyInjectionTestExecutionListener@64337702, org.springframework.test.context.support.DirtiesContextTestExecutionListener@2cf92cc7, org.springframework.test.context.transaction.TransactionalTestExecutionListener@30ea8c23, org.springframework.test.context.jdbc.SqlScriptsTestExecutionListener@7b139eab, org.springframework.test.context.event.EventPublishingTestExecutionListener@4e76dac, org.springframework.boot.test.autoconfigure.restdocs.RestDocsTestExecutionListener@611df6e3, org.springframework.boot.test.autoconfigure.web.client.MockRestServiceServerResetTestExecutionListener@5f2f577, org.springframework.boot.test.autoconfigure.web.servlet.MockMvcPrintOnlyOnFailureTestExecutionListener@6273c5a4, org.springframework.boot.test.autoconfigure.web.servlet.WebDriverTestExecutionListener@5d465e4b, org.springframework.boot.test.autoconfigure.webservices.client.MockWebServiceServerTestExecutionListener@53e211ee, org.springframework.boot.test.mock.mockito.ResetMocksTestExecutionListener@41a90fa8]
2021-06-20 00:18:26,535 INFO com.service.TenantServiceTest [main] Starting TenantServiceTest using Java 15.0.2 on DESKTOP-NGM996T with PID 2908 (started by mahes in C:\Users\mahes\TenentModule\TenantModuleProject)
2021-06-20 00:18:26,540 INFO com.service.TenantServiceTest [main] No active profile set, falling back to default profiles: default
2021-06-20 00:18:30,944 INFO org.springframework.data.repository.config.RepositoryConfigurationDelegate [main] Bootstrapping Spring Data JPA repositories in DEFAULT mode.
2021-06-20 00:18:31,778 INFO org.springframework.data.repository.config.RepositoryConfigurationDelegate [main] Finished Spring Data repository scanning in 812 ms. Found 1 JPA repository interfaces.
2021-06-20 00:18:34,828 INFO com.zaxxer.hikari.HikariDataSource [main] HikariPool-1 - Starting...
2021-06-20 00:18:35,619 INFO com.zaxxer.hikari.HikariDataSource [main] HikariPool-1 - Start completed.
2021-06-20 00:18:36,797 INFO org.hibernate.jpa.internal.util.LogHelper [main] HHH000204: Processing PersistenceUnitInfo [name: default]
2021-06-20 00:18:36,963 INFO org.hibernate.Version [main] HHH000412: Hibernate ORM core version 5.4.32.Final
2021-06-20 00:18:37,080 INFO org.hibernate.annotations.common.Version [main] HCANN000001: Hibernate Commons Annotations {5.1.2.Final}
2021-06-20 00:18:37,432 INFO org.hibernate.dialect.Dialect [main] HHH000400: Using dialect: org.hibernate.dialect.PostgreSQL10Dialect
2021-06-20 00:18:38,903 INFO org.hibernate.tuple.PojoInstantiator [main] HHH000182: No default (no-argument) constructor for class: com.entities.Landlord (class must be instantiated by Interceptor)
2021-06-20 00:18:38,924 INFO org.hibernate.tuple.PojoInstantiator [main] HHH000182: No default (no-argument) constructor for class: com.entities.FlatBooking (class must be instantiated by Interceptor)
2021-06-20 00:18:39,807 INFO org.hibernate.engine.transaction.jta.platform.internal.JtaPlatformInitiator [main] HHH000490: Using JtaPlatform implementation: [org.hibernate.engine.transaction.jta.platform.internal.NoJtaPlatform]
2021-06-20 00:18:39,825 INFO org.springframework.orm.jpa.LocalContainerEntityManagerFactoryBean [main] Initialized JPA EntityManagerFactory for persistence unit 'default'
2021-06-20 00:18:41,321 WARN org.springframework.boot.autoconfigure.orm.jpa.JpaBaseConfiguration$JpaWebConfiguration [main] spring.jpa.open-in-view is enabled by default. Therefore, database queries may be performed during view rendering. Explicitly configure spring.jpa.open-in-view to disable this warning
2021-06-20 00:18:47,932 INFO com.service.TenantServiceTest [main] Started TenantServiceTest in 22.009 seconds (JVM running for 26.28)
2021-06-20 00:18:48,646 INFO org.springframework.orm.jpa.LocalContainerEntityManagerFactoryBean [SpringApplicationShutdownHook] Closing JPA EntityManagerFactory for persistence unit 'default'
2021-06-20 00:18:48,652 INFO com.zaxxer.hikari.HikariDataSource [SpringApplicationShutdownHook] HikariPool-1 - Shutdown initiated...
2021-06-20 00:18:48,670 INFO com.zaxxer.hikari.HikariDataSource [SpringApplicationShutdownHook] HikariPool-1 - Shutdown completed.
2021-06-20 00:24:16,893 INFO org.springframework.boot.test.context.SpringBootTestContextBootstrapper [main] Neither @ContextConfiguration nor @ContextHierarchy found for test class [com.service.TenantServiceTest], using SpringBootContextLoader
2021-06-20 00:24:16,908 INFO org.springframework.test.context.support.AbstractContextLoader [main] Could not detect default resource locations for test class [com.service.TenantServiceTest]: no resource found for suffixes {-context.xml, Context.groovy}.
2021-06-20 00:24:16,910 INFO org.springframework.test.context.support.AnnotationConfigContextLoaderUtils [main] Could not detect default configuration classes for test class [com.service.TenantServiceTest]: TenantServiceTest does not declare any static, non-private, non-final, nested classes annotated with @Configuration.
2021-06-20 00:24:17,216 INFO org.springframework.boot.test.context.SpringBootTestContextBootstrapper [main] Found @SpringBootConfiguration com.TenantModuleProjectApplication for test class com.service.TenantServiceTest
2021-06-20 00:24:17,471 INFO org.springframework.boot.test.context.SpringBootTestContextBootstrapper [main] Loaded default TestExecutionListener class names from location [META-INF/spring.factories]: [org.springframework.boot.test.autoconfigure.restdocs.RestDocsTestExecutionListener, org.springframework.boot.test.autoconfigure.web.client.MockRestServiceServerResetTestExecutionListener, org.springframework.boot.test.autoconfigure.web.servlet.MockMvcPrintOnlyOnFailureTestExecutionListener, org.springframework.boot.test.autoconfigure.web.servlet.WebDriverTestExecutionListener, org.springframework.boot.test.autoconfigure.webservices.client.MockWebServiceServerTestExecutionListener, org.springframework.boot.test.mock.mockito.MockitoTestExecutionListener, org.springframework.boot.test.mock.mockito.ResetMocksTestExecutionListener, org.springframework.test.context.web.ServletTestExecutionListener, org.springframework.test.context.support.DirtiesContextBeforeModesTestExecutionListener, org.springframework.test.context.event.ApplicationEventsTestExecutionListener, org.springframework.test.context.support.DependencyInjectionTestExecutionListener, org.springframework.test.context.support.DirtiesContextTestExecutionListener, org.springframework.test.context.transaction.TransactionalTestExecutionListener, org.springframework.test.context.jdbc.SqlScriptsTestExecutionListener, org.springframework.test.context.event.EventPublishingTestExecutionListener]
2021-06-20 00:24:17,523 INFO org.springframework.boot.test.context.SpringBootTestContextBootstrapper [main] Using TestExecutionListeners: [org.springframework.test.context.web.ServletTestExecutionListener@756cf158, org.springframework.test.context.support.DirtiesContextBeforeModesTestExecutionListener@3f2ef586, org.springframework.test.context.event.ApplicationEventsTestExecutionListener@751d3241, org.springframework.boot.test.mock.mockito.MockitoTestExecutionListener@76c7beb3, org.springframework.boot.test.autoconfigure.SpringBootDependencyInjectionTestExecutionListener@64337702, org.springframework.test.context.support.DirtiesContextTestExecutionListener@2cf92cc7, org.springframework.test.context.transaction.TransactionalTestExecutionListener@30ea8c23, org.springframework.test.context.jdbc.SqlScriptsTestExecutionListener@7b139eab, org.springframework.test.context.event.EventPublishingTestExecutionListener@4e76dac, org.springframework.boot.test.autoconfigure.restdocs.RestDocsTestExecutionListener@611df6e3, org.springframework.boot.test.autoconfigure.web.client.MockRestServiceServerResetTestExecutionListener@5f2f577, org.springframework.boot.test.autoconfigure.web.servlet.MockMvcPrintOnlyOnFailureTestExecutionListener@6273c5a4, org.springframework.boot.test.autoconfigure.web.servlet.WebDriverTestExecutionListener@5d465e4b, org.springframework.boot.test.autoconfigure.webservices.client.MockWebServiceServerTestExecutionListener@53e211ee, org.springframework.boot.test.mock.mockito.ResetMocksTestExecutionListener@41a90fa8]
2021-06-20 00:24:18,241 INFO com.service.TenantServiceTest [main] Starting TenantServiceTest using Java 15.0.2 on DESKTOP-NGM996T with PID 6552 (started by mahes in C:\Users\mahes\TenentModule\TenantModuleProject)
2021-06-20 00:24:18,263 INFO com.service.TenantServiceTest [main] No active profile set, falling back to default profiles: default
2021-06-20 00:24:22,255 INFO org.springframework.data.repository.config.RepositoryConfigurationDelegate [main] Bootstrapping Spring Data JPA repositories in DEFAULT mode.
2021-06-20 00:24:23,030 INFO org.springframework.data.repository.config.RepositoryConfigurationDelegate [main] Finished Spring Data repository scanning in 756 ms. Found 1 JPA repository interfaces.
2021-06-20 00:24:25,439 INFO com.zaxxer.hikari.HikariDataSource [main] HikariPool-1 - Starting...
2021-06-20 00:24:26,041 INFO com.zaxxer.hikari.HikariDataSource [main] HikariPool-1 - Start completed.
2021-06-20 00:24:26,992 INFO org.hibernate.jpa.internal.util.LogHelper [main] HHH000204: Processing PersistenceUnitInfo [name: default]
2021-06-20 00:24:27,121 INFO org.hibernate.Version [main] HHH000412: Hibernate ORM core version 5.4.32.Final
2021-06-20 00:24:27,241 INFO org.hibernate.annotations.common.Version [main] HCANN000001: Hibernate Commons Annotations {5.1.2.Final}
2021-06-20 00:24:27,592 INFO org.hibernate.dialect.Dialect [main] HHH000400: Using dialect: org.hibernate.dialect.PostgreSQL10Dialect
2021-06-20 00:24:28,846 INFO org.hibernate.tuple.PojoInstantiator [main] HHH000182: No default (no-argument) constructor for class: com.entities.Landlord (class must be instantiated by Interceptor)
2021-06-20 00:24:28,863 INFO org.hibernate.tuple.PojoInstantiator [main] HHH000182: No default (no-argument) constructor for class: com.entities.FlatBooking (class must be instantiated by Interceptor)
2021-06-20 00:24:29,833 INFO org.hibernate.engine.transaction.jta.platform.internal.JtaPlatformInitiator [main] HHH000490: Using JtaPlatform implementation: [org.hibernate.engine.transaction.jta.platform.internal.NoJtaPlatform]
2021-06-20 00:24:29,850 INFO org.springframework.orm.jpa.LocalContainerEntityManagerFactoryBean [main] Initialized JPA EntityManagerFactory for persistence unit 'default'
2021-06-20 00:24:31,082 WARN org.springframework.boot.autoconfigure.orm.jpa.JpaBaseConfiguration$JpaWebConfiguration [main] spring.jpa.open-in-view is enabled by default. Therefore, database queries may be performed during view rendering. Explicitly configure spring.jpa.open-in-view to disable this warning
2021-06-20 00:24:35,378 INFO com.service.TenantServiceTest [main] Started TenantServiceTest in 17.74 seconds (JVM running for 20.995)
2021-06-20 00:24:35,913 INFO org.springframework.orm.jpa.LocalContainerEntityManagerFactoryBean [SpringApplicationShutdownHook] Closing JPA EntityManagerFactory for persistence unit 'default'
2021-06-20 00:24:35,920 INFO com.zaxxer.hikari.HikariDataSource [SpringApplicationShutdownHook] HikariPool-1 - Shutdown initiated...
2021-06-20 00:24:35,959 INFO com.zaxxer.hikari.HikariDataSource [SpringApplicationShutdownHook] HikariPool-1 - Shutdown completed.
2021-06-20 00:25:26,368 INFO org.springframework.boot.test.context.SpringBootTestContextBootstrapper [main] Neither @ContextConfiguration nor @ContextHierarchy found for test class [com.service.TenantServiceTest], using SpringBootContextLoader
2021-06-20 00:25:26,382 INFO org.springframework.test.context.support.AbstractContextLoader [main] Could not detect default resource locations for test class [com.service.TenantServiceTest]: no resource found for suffixes {-context.xml, Context.groovy}.
2021-06-20 00:25:26,384 INFO org.springframework.test.context.support.AnnotationConfigContextLoaderUtils [main] Could not detect default configuration classes for test class [com.service.TenantServiceTest]: TenantServiceTest does not declare any static, non-private, non-final, nested classes annotated with @Configuration.
2021-06-20 00:25:26,695 INFO org.springframework.boot.test.context.SpringBootTestContextBootstrapper [main] Found @SpringBootConfiguration com.TenantModuleProjectApplication for test class com.service.TenantServiceTest
2021-06-20 00:25:26,940 INFO org.springframework.boot.test.context.SpringBootTestContextBootstrapper [main] Loaded default TestExecutionListener class names from location [META-INF/spring.factories]: [org.springframework.boot.test.autoconfigure.restdocs.RestDocsTestExecutionListener, org.springframework.boot.test.autoconfigure.web.client.MockRestServiceServerResetTestExecutionListener, org.springframework.boot.test.autoconfigure.web.servlet.MockMvcPrintOnlyOnFailureTestExecutionListener, org.springframework.boot.test.autoconfigure.web.servlet.WebDriverTestExecutionListener, org.springframework.boot.test.autoconfigure.webservices.client.MockWebServiceServerTestExecutionListener, org.springframework.boot.test.mock.mockito.MockitoTestExecutionListener, org.springframework.boot.test.mock.mockito.ResetMocksTestExecutionListener, org.springframework.test.context.web.ServletTestExecutionListener, org.springframework.test.context.support.DirtiesContextBeforeModesTestExecutionListener, org.springframework.test.context.event.ApplicationEventsTestExecutionListener, org.springframework.test.context.support.DependencyInjectionTestExecutionListener, org.springframework.test.context.support.DirtiesContextTestExecutionListener, org.springframework.test.context.transaction.TransactionalTestExecutionListener, org.springframework.test.context.jdbc.SqlScriptsTestExecutionListener, org.springframework.test.context.event.EventPublishingTestExecutionListener]
2021-06-20 00:25:26,988 INFO org.springframework.boot.test.context.SpringBootTestContextBootstrapper [main] Using TestExecutionListeners: [org.springframework.test.context.web.ServletTestExecutionListener@756cf158, org.springframework.test.context.support.DirtiesContextBeforeModesTestExecutionListener@3f2ef586, org.springframework.test.context.event.ApplicationEventsTestExecutionListener@751d3241, org.springframework.boot.test.mock.mockito.MockitoTestExecutionListener@76c7beb3, org.springframework.boot.test.autoconfigure.SpringBootDependencyInjectionTestExecutionListener@64337702, org.springframework.test.context.support.DirtiesContextTestExecutionListener@2cf92cc7, org.springframework.test.context.transaction.TransactionalTestExecutionListener@30ea8c23, org.springframework.test.context.jdbc.SqlScriptsTestExecutionListener@7b139eab, org.springframework.test.context.event.EventPublishingTestExecutionListener@4e76dac, org.springframework.boot.test.autoconfigure.restdocs.RestDocsTestExecutionListener@611df6e3, org.springframework.boot.test.autoconfigure.web.client.MockRestServiceServerResetTestExecutionListener@5f2f577, org.springframework.boot.test.autoconfigure.web.servlet.MockMvcPrintOnlyOnFailureTestExecutionListener@6273c5a4, org.springframework.boot.test.autoconfigure.web.servlet.WebDriverTestExecutionListener@5d465e4b, org.springframework.boot.test.autoconfigure.webservices.client.MockWebServiceServerTestExecutionListener@53e211ee, org.springframework.boot.test.mock.mockito.ResetMocksTestExecutionListener@41a90fa8]
2021-06-20 00:25:27,743 INFO com.service.TenantServiceTest [main] Starting TenantServiceTest using Java 15.0.2 on DESKTOP-NGM996T with PID 8240 (started by mahes in C:\Users\mahes\TenentModule\TenantModuleProject)
2021-06-20 00:25:27,748 INFO com.service.TenantServiceTest [main] No active profile set, falling back to default profiles: default
2021-06-20 00:25:31,383 INFO org.springframework.data.repository.config.RepositoryConfigurationDelegate [main] Bootstrapping Spring Data JPA repositories in DEFAULT mode.
2021-06-20 00:25:32,123 INFO org.springframework.data.repository.config.RepositoryConfigurationDelegate [main] Finished Spring Data repository scanning in 720 ms. Found 1 JPA repository interfaces.
2021-06-20 00:25:34,542 INFO com.zaxxer.hikari.HikariDataSource [main] HikariPool-1 - Starting...
2021-06-20 00:25:35,300 INFO com.zaxxer.hikari.HikariDataSource [main] HikariPool-1 - Start completed.
2021-06-20 00:25:36,342 INFO org.hibernate.jpa.internal.util.LogHelper [main] HHH000204: Processing PersistenceUnitInfo [name: default]
2021-06-20 00:25:36,523 INFO org.hibernate.Version [main] HHH000412: Hibernate ORM core version 5.4.32.Final
2021-06-20 00:25:36,649 INFO org.hibernate.annotations.common.Version [main] HCANN000001: Hibernate Commons Annotations {5.1.2.Final}
2021-06-20 00:25:37,027 INFO org.hibernate.dialect.Dialect [main] HHH000400: Using dialect: org.hibernate.dialect.PostgreSQL10Dialect
2021-06-20 00:25:38,567 INFO org.hibernate.tuple.PojoInstantiator [main] HHH000182: No default (no-argument) constructor for class: com.entities.Landlord (class must be instantiated by Interceptor)
2021-06-20 00:25:38,583 INFO org.hibernate.tuple.PojoInstantiator [main] HHH000182: No default (no-argument) constructor for class: com.entities.FlatBooking (class must be instantiated by Interceptor)
2021-06-20 00:25:39,577 INFO org.hibernate.engine.transaction.jta.platform.internal.JtaPlatformInitiator [main] HHH000490: Using JtaPlatform implementation: [org.hibernate.engine.transaction.jta.platform.internal.NoJtaPlatform]
2021-06-20 00:25:39,596 INFO org.springframework.orm.jpa.LocalContainerEntityManagerFactoryBean [main] Initialized JPA EntityManagerFactory for persistence unit 'default'
2021-06-20 00:25:40,852 WARN org.springframework.boot.autoconfigure.orm.jpa.JpaBaseConfiguration$JpaWebConfiguration [main] spring.jpa.open-in-view is enabled by default. Therefore, database queries may be performed during view rendering. Explicitly configure spring.jpa.open-in-view to disable this warning
2021-06-20 00:25:45,390 INFO com.service.TenantServiceTest [main] Started TenantServiceTest in 18.291 seconds (JVM running for 21.348)
2021-06-20 00:25:45,912 INFO org.springframework.orm.jpa.LocalContainerEntityManagerFactoryBean [SpringApplicationShutdownHook] Closing JPA EntityManagerFactory for persistence unit 'default'
2021-06-20 00:25:45,918 INFO com.zaxxer.hikari.HikariDataSource [SpringApplicationShutdownHook] HikariPool-1 - Shutdown initiated...
2021-06-20 00:25:45,961 INFO com.zaxxer.hikari.HikariDataSource [SpringApplicationShutdownHook] HikariPool-1 - Shutdown completed.
2021-06-20 00:33:14,939 INFO org.springframework.boot.test.context.SpringBootTestContextBootstrapper [main] Neither @ContextConfiguration nor @ContextHierarchy found for test class [com.service.TenantServiceTest], using SpringBootContextLoader
2021-06-20 00:33:14,957 INFO org.springframework.test.context.support.AbstractContextLoader [main] Could not detect default resource locations for test class [com.service.TenantServiceTest]: no resource found for suffixes {-context.xml, Context.groovy}.
2021-06-20 00:33:14,959 INFO org.springframework.test.context.support.AnnotationConfigContextLoaderUtils [main] Could not detect default configuration classes for test class [com.service.TenantServiceTest]: TenantServiceTest does not declare any static, non-private, non-final, nested classes annotated with @Configuration.
2021-06-20 00:33:15,268 INFO org.springframework.boot.test.context.SpringBootTestContextBootstrapper [main] Found @SpringBootConfiguration com.TenantModuleProjectApplication for test class com.service.TenantServiceTest
2021-06-20 00:33:15,512 INFO org.springframework.boot.test.context.SpringBootTestContextBootstrapper [main] Loaded default TestExecutionListener class names from location [META-INF/spring.factories]: [org.springframework.boot.test.autoconfigure.restdocs.RestDocsTestExecutionListener, org.springframework.boot.test.autoconfigure.web.client.MockRestServiceServerResetTestExecutionListener, org.springframework.boot.test.autoconfigure.web.servlet.MockMvcPrintOnlyOnFailureTestExecutionListener, org.springframework.boot.test.autoconfigure.web.servlet.WebDriverTestExecutionListener, org.springframework.boot.test.autoconfigure.webservices.client.MockWebServiceServerTestExecutionListener, org.springframework.boot.test.mock.mockito.MockitoTestExecutionListener, org.springframework.boot.test.mock.mockito.ResetMocksTestExecutionListener, org.springframework.test.context.web.ServletTestExecutionListener, org.springframework.test.context.support.DirtiesContextBeforeModesTestExecutionListener, org.springframework.test.context.event.ApplicationEventsTestExecutionListener, org.springframework.test.context.support.DependencyInjectionTestExecutionListener, org.springframework.test.context.support.DirtiesContextTestExecutionListener, org.springframework.test.context.transaction.TransactionalTestExecutionListener, org.springframework.test.context.jdbc.SqlScriptsTestExecutionListener, org.springframework.test.context.event.EventPublishingTestExecutionListener]
2021-06-20 00:33:15,555 INFO org.springframework.boot.test.context.SpringBootTestContextBootstrapper [main] Using TestExecutionListeners: [org.springframework.test.context.web.ServletTestExecutionListener@756cf158, org.springframework.test.context.support.DirtiesContextBeforeModesTestExecutionListener@3f2ef586, org.springframework.test.context.event.ApplicationEventsTestExecutionListener@751d3241, org.springframework.boot.test.mock.mockito.MockitoTestExecutionListener@76c7beb3, org.springframework.boot.test.autoconfigure.SpringBootDependencyInjectionTestExecutionListener@64337702, org.springframework.test.context.support.DirtiesContextTestExecutionListener@2cf92cc7, org.springframework.test.context.transaction.TransactionalTestExecutionListener@30ea8c23, org.springframework.test.context.jdbc.SqlScriptsTestExecutionListener@7b139eab, org.springframework.test.context.event.EventPublishingTestExecutionListener@4e76dac, org.springframework.boot.test.autoconfigure.restdocs.RestDocsTestExecutionListener@611df6e3, org.springframework.boot.test.autoconfigure.web.client.MockRestServiceServerResetTestExecutionListener@5f2f577, org.springframework.boot.test.autoconfigure.web.servlet.MockMvcPrintOnlyOnFailureTestExecutionListener@6273c5a4, org.springframework.boot.test.autoconfigure.web.servlet.WebDriverTestExecutionListener@5d465e4b, org.springframework.boot.test.autoconfigure.webservices.client.MockWebServiceServerTestExecutionListener@53e211ee, org.springframework.boot.test.mock.mockito.ResetMocksTestExecutionListener@41a90fa8]
2021-06-20 00:33:16,244 INFO com.service.TenantServiceTest [main] Starting TenantServiceTest using Java 15.0.2 on DESKTOP-NGM996T with PID 10588 (started by mahes in C:\Users\mahes\TenentModule\TenantModuleProject)
2021-06-20 00:33:16,249 INFO com.service.TenantServiceTest [main] No active profile set, falling back to default profiles: default
2021-06-20 00:33:19,711 INFO org.springframework.data.repository.config.RepositoryConfigurationDelegate [main] Bootstrapping Spring Data JPA repositories in DEFAULT mode.
2021-06-20 00:33:20,410 INFO org.springframework.data.repository.config.RepositoryConfigurationDelegate [main] Finished Spring Data repository scanning in 681 ms. Found 1 JPA repository interfaces.
2021-06-20 00:33:22,740 INFO com.zaxxer.hikari.HikariDataSource [main] HikariPool-1 - Starting...
2021-06-20 00:33:23,408 INFO com.zaxxer.hikari.HikariDataSource [main] HikariPool-1 - Start completed.
2021-06-20 00:33:24,439 INFO org.hibernate.jpa.internal.util.LogHelper [main] HHH000204: Processing PersistenceUnitInfo [name: default]
2021-06-20 00:33:24,602 INFO org.hibernate.Version [main] HHH000412: Hibernate ORM core version 5.4.32.Final
2021-06-20 00:33:24,719 INFO org.hibernate.annotations.common.Version [main] HCANN000001: Hibernate Commons Annotations {5.1.2.Final}
2021-06-20 00:33:25,082 INFO org.hibernate.dialect.Dialect [main] HHH000400: Using dialect: org.hibernate.dialect.PostgreSQL10Dialect
2021-06-20 00:33:26,499 INFO org.hibernate.tuple.PojoInstantiator [main] HHH000182: No default (no-argument) constructor for class: com.entities.Landlord (class must be instantiated by Interceptor)
2021-06-20 00:33:26,517 INFO org.hibernate.tuple.PojoInstantiator [main] HHH000182: No default (no-argument) constructor for class: com.entities.FlatBooking (class must be instantiated by Interceptor)
2021-06-20 00:33:27,524 INFO org.hibernate.engine.transaction.jta.platform.internal.JtaPlatformInitiator [main] HHH000490: Using JtaPlatform implementation: [org.hibernate.engine.transaction.jta.platform.internal.NoJtaPlatform]
2021-06-20 00:33:27,544 INFO org.springframework.orm.jpa.LocalContainerEntityManagerFactoryBean [main] Initialized JPA EntityManagerFactory for persistence unit 'default'
2021-06-20 00:33:28,731 WARN org.springframework.boot.autoconfigure.orm.jpa.JpaBaseConfiguration$JpaWebConfiguration [main] spring.jpa.open-in-view is enabled by default. Therefore, database queries may be performed during view rendering. Explicitly configure spring.jpa.open-in-view to disable this warning
2021-06-20 00:33:33,105 INFO com.service.TenantServiceTest [main] Started TenantServiceTest in 17.451 seconds (JVM running for 20.831)
2021-06-20 00:33:33,701 INFO org.springframework.orm.jpa.LocalContainerEntityManagerFactoryBean [SpringApplicationShutdownHook] Closing JPA EntityManagerFactory for persistence unit 'default'
2021-06-20 00:33:33,707 INFO com.zaxxer.hikari.HikariDataSource [SpringApplicationShutdownHook] HikariPool-1 - Shutdown initiated...
2021-06-20 00:33:33,776 INFO com.zaxxer.hikari.HikariDataSource [SpringApplicationShutdownHook] HikariPool-1 - Shutdown completed.
2021-06-20 00:35:09,884 INFO org.springframework.boot.test.context.SpringBootTestContextBootstrapper [main] Neither @ContextConfiguration nor @ContextHierarchy found for test class [com.service.TenantServiceTest], using SpringBootContextLoader
2021-06-20 00:35:09,899 INFO org.springframework.test.context.support.AbstractContextLoader [main] Could not detect default resource locations for test class [com.service.TenantServiceTest]: no resource found for suffixes {-context.xml, Context.groovy}.
2021-06-20 00:35:09,902 INFO org.springframework.test.context.support.AnnotationConfigContextLoaderUtils [main] Could not detect default configuration classes for test class [com.service.TenantServiceTest]: TenantServiceTest does not declare any static, non-private, non-final, nested classes annotated with @Configuration.
2021-06-20 00:35:10,193 INFO org.springframework.boot.test.context.SpringBootTestContextBootstrapper [main] Found @SpringBootConfiguration com.TenantModuleProjectApplication for test class com.service.TenantServiceTest
2021-06-20 00:35:10,399 INFO org.springframework.boot.test.context.SpringBootTestContextBootstrapper [main] Loaded default TestExecutionListener class names from location [META-INF/spring.factories]: [org.springframework.boot.test.autoconfigure.restdocs.RestDocsTestExecutionListener, org.springframework.boot.test.autoconfigure.web.client.MockRestServiceServerResetTestExecutionListener, org.springframework.boot.test.autoconfigure.web.servlet.MockMvcPrintOnlyOnFailureTestExecutionListener, org.springframework.boot.test.autoconfigure.web.servlet.WebDriverTestExecutionListener, org.springframework.boot.test.autoconfigure.webservices.client.MockWebServiceServerTestExecutionListener, org.springframework.boot.test.mock.mockito.MockitoTestExecutionListener, org.springframework.boot.test.mock.mockito.ResetMocksTestExecutionListener, org.springframework.test.context.web.ServletTestExecutionListener, org.springframework.test.context.support.DirtiesContextBeforeModesTestExecutionListener, org.springframework.test.context.event.ApplicationEventsTestExecutionListener, org.springframework.test.context.support.DependencyInjectionTestExecutionListener, org.springframework.test.context.support.DirtiesContextTestExecutionListener, org.springframework.test.context.transaction.TransactionalTestExecutionListener, org.springframework.test.context.jdbc.SqlScriptsTestExecutionListener, org.springframework.test.context.event.EventPublishingTestExecutionListener]
2021-06-20 00:35:10,450 INFO org.springframework.boot.test.context.SpringBootTestContextBootstrapper [main] Using TestExecutionListeners: [org.springframework.test.context.web.ServletTestExecutionListener@756cf158, org.springframework.test.context.support.DirtiesContextBeforeModesTestExecutionListener@3f2ef586, org.springframework.test.context.event.ApplicationEventsTestExecutionListener@751d3241, org.springframework.boot.test.mock.mockito.MockitoTestExecutionListener@76c7beb3, org.springframework.boot.test.autoconfigure.SpringBootDependencyInjectionTestExecutionListener@64337702, org.springframework.test.context.support.DirtiesContextTestExecutionListener@2cf92cc7, org.springframework.test.context.transaction.TransactionalTestExecutionListener@30ea8c23, org.springframework.test.context.jdbc.SqlScriptsTestExecutionListener@7b139eab, org.springframework.test.context.event.EventPublishingTestExecutionListener@4e76dac, org.springframework.boot.test.autoconfigure.restdocs.RestDocsTestExecutionListener@611df6e3, org.springframework.boot.test.autoconfigure.web.client.MockRestServiceServerResetTestExecutionListener@5f2f577, org.springframework.boot.test.autoconfigure.web.servlet.MockMvcPrintOnlyOnFailureTestExecutionListener@6273c5a4, org.springframework.boot.test.autoconfigure.web.servlet.WebDriverTestExecutionListener@5d465e4b, org.springframework.boot.test.autoconfigure.webservices.client.MockWebServiceServerTestExecutionListener@53e211ee, org.springframework.boot.test.mock.mockito.ResetMocksTestExecutionListener@41a90fa8]
2021-06-20 00:35:11,127 INFO com.service.TenantServiceTest [main] Starting TenantServiceTest using Java 15.0.2 on DESKTOP-NGM996T with PID 4644 (started by mahes in C:\Users\mahes\TenentModule\TenantModuleProject)
2021-06-20 00:35:11,135 INFO com.service.TenantServiceTest [main] No active profile set, falling back to default profiles: default
2021-06-20 00:35:14,992 INFO org.springframework.data.repository.config.RepositoryConfigurationDelegate [main] Bootstrapping Spring Data JPA repositories in DEFAULT mode.
2021-06-20 00:35:15,833 INFO org.springframework.data.repository.config.RepositoryConfigurationDelegate [main] Finished Spring Data repository scanning in 821 ms. Found 1 JPA repository interfaces.
2021-06-20 00:35:18,993 INFO com.zaxxer.hikari.HikariDataSource [main] HikariPool-1 - Starting...
2021-06-20 00:35:19,617 INFO com.zaxxer.hikari.HikariDataSource [main] HikariPool-1 - Start completed.
2021-06-20 00:35:20,525 INFO org.hibernate.jpa.internal.util.LogHelper [main] HHH000204: Processing PersistenceUnitInfo [name: default]
2021-06-20 00:35:20,681 INFO org.hibernate.Version [main] HHH000412: Hibernate ORM core version 5.4.32.Final
2021-06-20 00:35:20,794 INFO org.hibernate.annotations.common.Version [main] HCANN000001: Hibernate Commons Annotations {5.1.2.Final}
2021-06-20 00:35:21,112 INFO org.hibernate.dialect.Dialect [main] HHH000400: Using dialect: org.hibernate.dialect.PostgreSQL10Dialect
2021-06-20 00:35:22,331 INFO org.hibernate.tuple.PojoInstantiator [main] HHH000182: No default (no-argument) constructor for class: com.entities.Landlord (class must be instantiated by Interceptor)
2021-06-20 00:35:22,343 INFO org.hibernate.tuple.PojoInstantiator [main] HHH000182: No default (no-argument) constructor for class: com.entities.FlatBooking (class must be instantiated by Interceptor)
2021-06-20 00:35:23,259 INFO org.hibernate.engine.transaction.jta.platform.internal.JtaPlatformInitiator [main] HHH000490: Using JtaPlatform implementation: [org.hibernate.engine.transaction.jta.platform.internal.NoJtaPlatform]
2021-06-20 00:35:23,278 INFO org.springframework.orm.jpa.LocalContainerEntityManagerFactoryBean [main] Initialized JPA EntityManagerFactory for persistence unit 'default'
2021-06-20 00:35:24,437 WARN org.springframework.boot.autoconfigure.orm.jpa.JpaBaseConfiguration$JpaWebConfiguration [main] spring.jpa.open-in-view is enabled by default. Therefore, database queries may be performed during view rendering. Explicitly configure spring.jpa.open-in-view to disable this warning
2021-06-20 00:35:28,985 INFO com.service.TenantServiceTest [main] Started TenantServiceTest in 18.439 seconds (JVM running for 21.304)
2021-06-20 00:35:29,444 INFO org.springframework.orm.jpa.LocalContainerEntityManagerFactoryBean [SpringApplicationShutdownHook] Closing JPA EntityManagerFactory for persistence unit 'default'
2021-06-20 00:35:29,449 INFO com.zaxxer.hikari.HikariDataSource [SpringApplicationShutdownHook] HikariPool-1 - Shutdown initiated...
2021-06-20 00:35:29,475 INFO com.zaxxer.hikari.HikariDataSource [SpringApplicationShutdownHook] HikariPool-1 - Shutdown completed.
2021-06-20 00:36:21,045 INFO org.springframework.boot.test.context.SpringBootTestContextBootstrapper [main] Neither @ContextConfiguration nor @ContextHierarchy found for test class [com.service.TenantServiceTest], using SpringBootContextLoader
2021-06-20 00:36:21,062 INFO org.springframework.test.context.support.AbstractContextLoader [main] Could not detect default resource locations for test class [com.service.TenantServiceTest]: no resource found for suffixes {-context.xml, Context.groovy}.
2021-06-20 00:36:21,064 INFO org.springframework.test.context.support.AnnotationConfigContextLoaderUtils [main] Could not detect default configuration classes for test class [com.service.TenantServiceTest]: TenantServiceTest does not declare any static, non-private, non-final, nested classes annotated with @Configuration.
2021-06-20 00:36:21,392 INFO org.springframework.boot.test.context.SpringBootTestContextBootstrapper [main] Found @SpringBootConfiguration com.TenantModuleProjectApplication for test class com.service.TenantServiceTest
2021-06-20 00:36:21,796 INFO org.springframework.boot.test.context.SpringBootTestContextBootstrapper [main] Loaded default TestExecutionListener class names from location [META-INF/spring.factories]: [org.springframework.boot.test.autoconfigure.restdocs.RestDocsTestExecutionListener, org.springframework.boot.test.autoconfigure.web.client.MockRestServiceServerResetTestExecutionListener, org.springframework.boot.test.autoconfigure.web.servlet.MockMvcPrintOnlyOnFailureTestExecutionListener, org.springframework.boot.test.autoconfigure.web.servlet.WebDriverTestExecutionListener, org.springframework.boot.test.autoconfigure.webservices.client.MockWebServiceServerTestExecutionListener, org.springframework.boot.test.mock.mockito.MockitoTestExecutionListener, org.springframework.boot.test.mock.mockito.ResetMocksTestExecutionListener, org.springframework.test.context.web.ServletTestExecutionListener, org.springframework.test.context.support.DirtiesContextBeforeModesTestExecutionListener, org.springframework.test.context.event.ApplicationEventsTestExecutionListener, org.springframework.test.context.support.DependencyInjectionTestExecutionListener, org.springframework.test.context.support.DirtiesContextTestExecutionListener, org.springframework.test.context.transaction.TransactionalTestExecutionListener, org.springframework.test.context.jdbc.SqlScriptsTestExecutionListener, org.springframework.test.context.event.EventPublishingTestExecutionListener]
2021-06-20 00:36:21,924 INFO org.springframework.boot.test.context.SpringBootTestContextBootstrapper [main] Using TestExecutionListeners: [org.springframework.test.context.web.ServletTestExecutionListener@756cf158, org.springframework.test.context.support.DirtiesContextBeforeModesTestExecutionListener@3f2ef586, org.springframework.test.context.event.ApplicationEventsTestExecutionListener@751d3241, org.springframework.boot.test.mock.mockito.MockitoTestExecutionListener@76c7beb3, org.springframework.boot.test.autoconfigure.SpringBootDependencyInjectionTestExecutionListener@64337702, org.springframework.test.context.support.DirtiesContextTestExecutionListener@2cf92cc7, org.springframework.test.context.transaction.TransactionalTestExecutionListener@30ea8c23, org.springframework.test.context.jdbc.SqlScriptsTestExecutionListener@7b139eab, org.springframework.test.context.event.EventPublishingTestExecutionListener@4e76dac, org.springframework.boot.test.autoconfigure.restdocs.RestDocsTestExecutionListener@611df6e3, org.springframework.boot.test.autoconfigure.web.client.MockRestServiceServerResetTestExecutionListener@5f2f577, org.springframework.boot.test.autoconfigure.web.servlet.MockMvcPrintOnlyOnFailureTestExecutionListener@6273c5a4, org.springframework.boot.test.autoconfigure.web.servlet.WebDriverTestExecutionListener@5d465e4b, org.springframework.boot.test.autoconfigure.webservices.client.MockWebServiceServerTestExecutionListener@53e211ee, org.springframework.boot.test.mock.mockito.ResetMocksTestExecutionListener@41a90fa8]
2021-06-20 00:36:22,761 INFO com.service.TenantServiceTest [main] Starting TenantServiceTest using Java 15.0.2 on DESKTOP-NGM996T with PID 3192 (started by mahes in C:\Users\mahes\TenentModule\TenantModuleProject)
2021-06-20 00:36:22,774 INFO com.service.TenantServiceTest [main] No active profile set, falling back to default profiles: default
2021-06-20 00:36:26,181 INFO org.springframework.data.repository.config.RepositoryConfigurationDelegate [main] Bootstrapping Spring Data JPA repositories in DEFAULT mode.
2021-06-20 00:36:26,910 INFO org.springframework.data.repository.config.RepositoryConfigurationDelegate [main] Finished Spring Data repository scanning in 706 ms. Found 1 JPA repository interfaces.
2021-06-20 00:36:29,206 INFO com.zaxxer.hikari.HikariDataSource [main] HikariPool-1 - Starting...
2021-06-20 00:36:29,798 INFO com.zaxxer.hikari.HikariDataSource [main] HikariPool-1 - Start completed.
2021-06-20 00:36:30,732 INFO org.hibernate.jpa.internal.util.LogHelper [main] HHH000204: Processing PersistenceUnitInfo [name: default]
2021-06-20 00:36:30,881 INFO org.hibernate.Version [main] HHH000412: Hibernate ORM core version 5.4.32.Final
2021-06-20 00:36:31,003 INFO org.hibernate.annotations.common.Version [main] HCANN000001: Hibernate Commons Annotations {5.1.2.Final}
2021-06-20 00:36:31,378 INFO org.hibernate.dialect.Dialect [main] HHH000400: Using dialect: org.hibernate.dialect.PostgreSQL10Dialect
2021-06-20 00:36:32,663 INFO org.hibernate.tuple.PojoInstantiator [main] HHH000182: No default (no-argument) constructor for class: com.entities.Landlord (class must be instantiated by Interceptor)
2021-06-20 00:36:32,680 INFO org.hibernate.tuple.PojoInstantiator [main] HHH000182: No default (no-argument) constructor for class: com.entities.FlatBooking (class must be instantiated by Interceptor)
2021-06-20 00:36:33,775 INFO org.hibernate.engine.transaction.jta.platform.internal.JtaPlatformInitiator [main] HHH000490: Using JtaPlatform implementation: [org.hibernate.engine.transaction.jta.platform.internal.NoJtaPlatform]
2021-06-20 00:36:33,792 INFO org.springframework.orm.jpa.LocalContainerEntityManagerFactoryBean [main] Initialized JPA EntityManagerFactory for persistence unit 'default'
2021-06-20 00:36:35,043 WARN org.springframework.boot.autoconfigure.orm.jpa.JpaBaseConfiguration$JpaWebConfiguration [main] spring.jpa.open-in-view is enabled by default. Therefore, database queries may be performed during view rendering. Explicitly configure spring.jpa.open-in-view to disable this warning
2021-06-20 00:36:39,082 INFO com.service.TenantServiceTest [main] Started TenantServiceTest in 16.992 seconds (JVM running for 20.483)
2021-06-20 00:36:39,613 INFO org.springframework.orm.jpa.LocalContainerEntityManagerFactoryBean [SpringApplicationShutdownHook] Closing JPA EntityManagerFactory for persistence unit 'default'
2021-06-20 00:36:39,618 INFO com.zaxxer.hikari.HikariDataSource [SpringApplicationShutdownHook] HikariPool-1 - Shutdown initiated...
2021-06-20 00:36:39,636 INFO com.zaxxer.hikari.HikariDataSource [SpringApplicationShutdownHook] HikariPool-1 - Shutdown completed.
2021-06-20 00:38:10,935 INFO org.springframework.boot.test.context.SpringBootTestContextBootstrapper [main] Neither @ContextConfiguration nor @ContextHierarchy found for test class [com.service.TenantServiceTest], using SpringBootContextLoader
2021-06-20 00:38:10,949 INFO org.springframework.test.context.support.AbstractContextLoader [main] Could not detect default resource locations for test class [com.service.TenantServiceTest]: no resource found for suffixes {-context.xml, Context.groovy}.
2021-06-20 00:38:10,951 INFO org.springframework.test.context.support.AnnotationConfigContextLoaderUtils [main] Could not detect default configuration classes for test class [com.service.TenantServiceTest]: TenantServiceTest does not declare any static, non-private, non-final, nested classes annotated with @Configuration.
2021-06-20 00:38:11,212 INFO org.springframework.boot.test.context.SpringBootTestContextBootstrapper [main] Found @SpringBootConfiguration com.TenantModuleProjectApplication for test class com.service.TenantServiceTest
2021-06-20 00:38:11,442 INFO org.springframework.boot.test.context.SpringBootTestContextBootstrapper [main] Loaded default TestExecutionListener class names from location [META-INF/spring.factories]: [org.springframework.boot.test.autoconfigure.restdocs.RestDocsTestExecutionListener, org.springframework.boot.test.autoconfigure.web.client.MockRestServiceServerResetTestExecutionListener, org.springframework.boot.test.autoconfigure.web.servlet.MockMvcPrintOnlyOnFailureTestExecutionListener, org.springframework.boot.test.autoconfigure.web.servlet.WebDriverTestExecutionListener, org.springframework.boot.test.autoconfigure.webservices.client.MockWebServiceServerTestExecutionListener, org.springframework.boot.test.mock.mockito.MockitoTestExecutionListener, org.springframework.boot.test.mock.mockito.ResetMocksTestExecutionListener, org.springframework.test.context.web.ServletTestExecutionListener, org.springframework.test.context.support.DirtiesContextBeforeModesTestExecutionListener, org.springframework.test.context.event.ApplicationEventsTestExecutionListener, org.springframework.test.context.support.DependencyInjectionTestExecutionListener, org.springframework.test.context.support.DirtiesContextTestExecutionListener, org.springframework.test.context.transaction.TransactionalTestExecutionListener, org.springframework.test.context.jdbc.SqlScriptsTestExecutionListener, org.springframework.test.context.event.EventPublishingTestExecutionListener]
2021-06-20 00:38:11,492 INFO org.springframework.boot.test.context.SpringBootTestContextBootstrapper [main] Using TestExecutionListeners: [org.springframework.test.context.web.ServletTestExecutionListener@756cf158, org.springframework.test.context.support.DirtiesContextBeforeModesTestExecutionListener@3f2ef586, org.springframework.test.context.event.ApplicationEventsTestExecutionListener@751d3241, org.springframework.boot.test.mock.mockito.MockitoTestExecutionListener@76c7beb3, org.springframework.boot.test.autoconfigure.SpringBootDependencyInjectionTestExecutionListener@64337702, org.springframework.test.context.support.DirtiesContextTestExecutionListener@2cf92cc7, org.springframework.test.context.transaction.TransactionalTestExecutionListener@30ea8c23, org.springframework.test.context.jdbc.SqlScriptsTestExecutionListener@7b139eab, org.springframework.test.context.event.EventPublishingTestExecutionListener@4e76dac, org.springframework.boot.test.autoconfigure.restdocs.RestDocsTestExecutionListener@611df6e3, org.springframework.boot.test.autoconfigure.web.client.MockRestServiceServerResetTestExecutionListener@5f2f577, org.springframework.boot.test.autoconfigure.web.servlet.MockMvcPrintOnlyOnFailureTestExecutionListener@6273c5a4, org.springframework.boot.test.autoconfigure.web.servlet.WebDriverTestExecutionListener@5d465e4b, org.springframework.boot.test.autoconfigure.webservices.client.MockWebServiceServerTestExecutionListener@53e211ee, org.springframework.boot.test.mock.mockito.ResetMocksTestExecutionListener@41a90fa8]
2021-06-20 00:38:12,262 INFO com.service.TenantServiceTest [main] Starting TenantServiceTest using Java 15.0.2 on DESKTOP-NGM996T with PID 6704 (started by mahes in C:\Users\mahes\TenentModule\TenantModuleProject)
2021-06-20 00:38:12,267 INFO com.service.TenantServiceTest [main] No active profile set, falling back to default profiles: default
2021-06-20 00:38:15,858 INFO org.springframework.data.repository.config.RepositoryConfigurationDelegate [main] Bootstrapping Spring Data JPA repositories in DEFAULT mode.
2021-06-20 00:38:16,546 INFO org.springframework.data.repository.config.RepositoryConfigurationDelegate [main] Finished Spring Data repository scanning in 668 ms. Found 1 JPA repository interfaces.
2021-06-20 00:38:19,463 INFO com.zaxxer.hikari.HikariDataSource [main] HikariPool-1 - Starting...
2021-06-20 00:38:20,197 INFO com.zaxxer.hikari.HikariDataSource [main] HikariPool-1 - Start completed.
2021-06-20 00:38:21,460 INFO org.hibernate.jpa.internal.util.LogHelper [main] HHH000204: Processing PersistenceUnitInfo [name: default]
2021-06-20 00:38:21,844 INFO org.hibernate.Version [main] HHH000412: Hibernate ORM core version 5.4.32.Final
2021-06-20 00:38:21,966 INFO org.hibernate.annotations.common.Version [main] HCANN000001: Hibernate Commons Annotations {5.1.2.Final}
2021-06-20 00:38:22,313 INFO org.hibernate.dialect.Dialect [main] HHH000400: Using dialect: org.hibernate.dialect.PostgreSQL10Dialect
2021-06-20 00:38:23,560 INFO org.hibernate.tuple.PojoInstantiator [main] HHH000182: No default (no-argument) constructor for class: com.entities.Landlord (class must be instantiated by Interceptor)
2021-06-20 00:38:23,576 INFO org.hibernate.tuple.PojoInstantiator [main] HHH000182: No default (no-argument) constructor for class: com.entities.FlatBooking (class must be instantiated by Interceptor)
2021-06-20 00:38:24,578 INFO org.hibernate.engine.transaction.jta.platform.internal.JtaPlatformInitiator [main] HHH000490: Using JtaPlatform implementation: [org.hibernate.engine.transaction.jta.platform.internal.NoJtaPlatform]
2021-06-20 00:38:24,597 INFO org.springframework.orm.jpa.LocalContainerEntityManagerFactoryBean [main] Initialized JPA EntityManagerFactory for persistence unit 'default'
2021-06-20 00:38:25,801 WARN org.springframework.boot.autoconfigure.orm.jpa.JpaBaseConfiguration$JpaWebConfiguration [main] spring.jpa.open-in-view is enabled by default. Therefore, database queries may be performed during view rendering. Explicitly configure spring.jpa.open-in-view to disable this warning
2021-06-20 00:38:29,954 INFO com.service.TenantServiceTest [main] Started TenantServiceTest in 18.364 seconds (JVM running for 21.321)
2021-06-20 00:38:30,559 INFO org.springframework.orm.jpa.LocalContainerEntityManagerFactoryBean [SpringApplicationShutdownHook] Closing JPA EntityManagerFactory for persistence unit 'default'
2021-06-20 00:38:30,563 INFO com.zaxxer.hikari.HikariDataSource [SpringApplicationShutdownHook] HikariPool-1 - Shutdown initiated...
2021-06-20 00:38:30,601 INFO com.zaxxer.hikari.HikariDataSource [SpringApplicationShutdownHook] HikariPool-1 - Shutdown completed.
2021-06-20 00:39:01,477 INFO org.springframework.boot.test.context.SpringBootTestContextBootstrapper [main] Neither @ContextConfiguration nor @ContextHierarchy found for test class [com.service.TenantServiceTest], using SpringBootContextLoader
2021-06-20 00:39:01,493 INFO org.springframework.test.context.support.AbstractContextLoader [main] Could not detect default resource locations for test class [com.service.TenantServiceTest]: no resource found for suffixes {-context.xml, Context.groovy}.
2021-06-20 00:39:01,495 INFO org.springframework.test.context.support.AnnotationConfigContextLoaderUtils [main] Could not detect default configuration classes for test class [com.service.TenantServiceTest]: TenantServiceTest does not declare any static, non-private, non-final, nested classes annotated with @Configuration.
2021-06-20 00:39:01,794 INFO org.springframework.boot.test.context.SpringBootTestContextBootstrapper [main] Found @SpringBootConfiguration com.TenantModuleProjectApplication for test class com.service.TenantServiceTest
2021-06-20 00:39:02,035 INFO org.springframework.boot.test.context.SpringBootTestContextBootstrapper [main] Loaded default TestExecutionListener class names from location [META-INF/spring.factories]: [org.springframework.boot.test.autoconfigure.restdocs.RestDocsTestExecutionListener, org.springframework.boot.test.autoconfigure.web.client.MockRestServiceServerResetTestExecutionListener, org.springframework.boot.test.autoconfigure.web.servlet.MockMvcPrintOnlyOnFailureTestExecutionListener, org.springframework.boot.test.autoconfigure.web.servlet.WebDriverTestExecutionListener, org.springframework.boot.test.autoconfigure.webservices.client.MockWebServiceServerTestExecutionListener, org.springframework.boot.test.mock.mockito.MockitoTestExecutionListener, org.springframework.boot.test.mock.mockito.ResetMocksTestExecutionListener, org.springframework.test.context.web.ServletTestExecutionListener, org.springframework.test.context.support.DirtiesContextBeforeModesTestExecutionListener, org.springframework.test.context.event.ApplicationEventsTestExecutionListener, org.springframework.test.context.support.DependencyInjectionTestExecutionListener, org.springframework.test.context.support.DirtiesContextTestExecutionListener, org.springframework.test.context.transaction.TransactionalTestExecutionListener, org.springframework.test.context.jdbc.SqlScriptsTestExecutionListener, org.springframework.test.context.event.EventPublishingTestExecutionListener]
2021-06-20 00:39:02,083 INFO org.springframework.boot.test.context.SpringBootTestContextBootstrapper [main] Using TestExecutionListeners: [org.springframework.test.context.web.ServletTestExecutionListener@756cf158, org.springframework.test.context.support.DirtiesContextBeforeModesTestExecutionListener@3f2ef586, org.springframework.test.context.event.ApplicationEventsTestExecutionListener@751d3241, org.springframework.boot.test.mock.mockito.MockitoTestExecutionListener@76c7beb3, org.springframework.boot.test.autoconfigure.SpringBootDependencyInjectionTestExecutionListener@64337702, org.springframework.test.context.support.DirtiesContextTestExecutionListener@2cf92cc7, org.springframework.test.context.transaction.TransactionalTestExecutionListener@30ea8c23, org.springframework.test.context.jdbc.SqlScriptsTestExecutionListener@7b139eab, org.springframework.test.context.event.EventPublishingTestExecutionListener@4e76dac, org.springframework.boot.test.autoconfigure.restdocs.RestDocsTestExecutionListener@611df6e3, org.springframework.boot.test.autoconfigure.web.client.MockRestServiceServerResetTestExecutionListener@5f2f577, org.springframework.boot.test.autoconfigure.web.servlet.MockMvcPrintOnlyOnFailureTestExecutionListener@6273c5a4, org.springframework.boot.test.autoconfigure.web.servlet.WebDriverTestExecutionListener@5d465e4b, org.springframework.boot.test.autoconfigure.webservices.client.MockWebServiceServerTestExecutionListener@53e211ee, org.springframework.boot.test.mock.mockito.ResetMocksTestExecutionListener@41a90fa8]
2021-06-20 00:39:02,962 INFO com.service.TenantServiceTest [main] Starting TenantServiceTest using Java 15.0.2 on DESKTOP-NGM996T with PID 7128 (started by mahes in C:\Users\mahes\TenentModule\TenantModuleProject)
2021-06-20 00:39:02,970 INFO com.service.TenantServiceTest [main] No active profile set, falling back to default profiles: default
2021-06-20 00:39:06,445 INFO org.springframework.data.repository.config.RepositoryConfigurationDelegate [main] Bootstrapping Spring Data JPA repositories in DEFAULT mode.
2021-06-20 00:39:07,198 INFO org.springframework.data.repository.config.RepositoryConfigurationDelegate [main] Finished Spring Data repository scanning in 735 ms. Found 1 JPA repository interfaces.
2021-06-20 00:39:09,573 INFO com.zaxxer.hikari.HikariDataSource [main] HikariPool-1 - Starting...
2021-06-20 00:39:10,294 INFO com.zaxxer.hikari.HikariDataSource [main] HikariPool-1 - Start completed.
2021-06-20 00:39:11,428 INFO org.hibernate.jpa.internal.util.LogHelper [main] HHH000204: Processing PersistenceUnitInfo [name: default]
2021-06-20 00:39:11,586 INFO org.hibernate.Version [main] HHH000412: Hibernate ORM core version 5.4.32.Final
2021-06-20 00:39:11,713 INFO org.hibernate.annotations.common.Version [main] HCANN000001: Hibernate Commons Annotations {5.1.2.Final}
2021-06-20 00:39:12,092 INFO org.hibernate.dialect.Dialect [main] HHH000400: Using dialect: org.hibernate.dialect.PostgreSQL10Dialect
2021-06-20 00:39:13,254 INFO org.hibernate.tuple.PojoInstantiator [main] HHH000182: No default (no-argument) constructor for class: com.entities.Landlord (class must be instantiated by Interceptor)
2021-06-20 00:39:13,269 INFO org.hibernate.tuple.PojoInstantiator [main] HHH000182: No default (no-argument) constructor for class: com.entities.FlatBooking (class must be instantiated by Interceptor)
2021-06-20 00:39:14,221 INFO org.hibernate.engine.transaction.jta.platform.internal.JtaPlatformInitiator [main] HHH000490: Using JtaPlatform implementation: [org.hibernate.engine.transaction.jta.platform.internal.NoJtaPlatform]
2021-06-20 00:39:14,239 INFO org.springframework.orm.jpa.LocalContainerEntityManagerFactoryBean [main] Initialized JPA EntityManagerFactory for persistence unit 'default'
2021-06-20 00:39:15,457 WARN org.springframework.boot.autoconfigure.orm.jpa.JpaBaseConfiguration$JpaWebConfiguration [main] spring.jpa.open-in-view is enabled by default. Therefore, database queries may be performed during view rendering. Explicitly configure spring.jpa.open-in-view to disable this warning
2021-06-20 00:39:19,525 INFO com.service.TenantServiceTest [main] Started TenantServiceTest in 17.228 seconds (JVM running for 21.258)
2021-06-20 00:39:20,181 INFO org.springframework.orm.jpa.LocalContainerEntityManagerFactoryBean [SpringApplicationShutdownHook] Closing JPA EntityManagerFactory for persistence unit 'default'
2021-06-20 00:39:20,185 INFO com.zaxxer.hikari.HikariDataSource [SpringApplicationShutdownHook] HikariPool-1 - Shutdown initiated...
2021-06-20 00:39:20,209 INFO com.zaxxer.hikari.HikariDataSource [SpringApplicationShutdownHook] HikariPool-1 - Shutdown completed.
2021-06-20 00:39:38,509 INFO org.springframework.boot.admin.SpringApplicationAdminMXBeanRegistrar$SpringApplicationAdmin [RMI TCP Connection(2)-127.0.0.1] Application shutdown requested.
2021-06-20 00:39:38,561 INFO org.springframework.orm.jpa.LocalContainerEntityManagerFactoryBean [RMI TCP Connection(2)-127.0.0.1] Closing JPA EntityManagerFactory for persistence unit 'default'
2021-06-20 00:39:38,564 INFO com.zaxxer.hikari.HikariDataSource [RMI TCP Connection(2)-127.0.0.1] HikariPool-1 - Shutdown initiated...
2021-06-20 00:39:38,574 INFO com.zaxxer.hikari.HikariDataSource [RMI TCP Connection(2)-127.0.0.1] HikariPool-1 - Shutdown completed.
2021-06-20 00:42:57,898 INFO org.springframework.boot.test.context.SpringBootTestContextBootstrapper [main] Neither @ContextConfiguration nor @ContextHierarchy found for test class [com.service.TenantServiceTest], using SpringBootContextLoader
2021-06-20 00:42:57,919 INFO org.springframework.test.context.support.AbstractContextLoader [main] Could not detect default resource locations for test class [com.service.TenantServiceTest]: no resource found for suffixes {-context.xml, Context.groovy}.
2021-06-20 00:42:57,920 INFO org.springframework.test.context.support.AnnotationConfigContextLoaderUtils [main] Could not detect default configuration classes for test class [com.service.TenantServiceTest]: TenantServiceTest does not declare any static, non-private, non-final, nested classes annotated with @Configuration.
2021-06-20 00:42:58,242 INFO org.springframework.boot.test.context.SpringBootTestContextBootstrapper [main] Found @SpringBootConfiguration com.TenantModuleProjectApplication for test class com.service.TenantServiceTest
2021-06-20 00:42:58,480 INFO org.springframework.boot.test.context.SpringBootTestContextBootstrapper [main] Loaded default TestExecutionListener class names from location [META-INF/spring.factories]: [org.springframework.boot.test.autoconfigure.restdocs.RestDocsTestExecutionListener, org.springframework.boot.test.autoconfigure.web.client.MockRestServiceServerResetTestExecutionListener, org.springframework.boot.test.autoconfigure.web.servlet.MockMvcPrintOnlyOnFailureTestExecutionListener, org.springframework.boot.test.autoconfigure.web.servlet.WebDriverTestExecutionListener, org.springframework.boot.test.autoconfigure.webservices.client.MockWebServiceServerTestExecutionListener, org.springframework.boot.test.mock.mockito.MockitoTestExecutionListener, org.springframework.boot.test.mock.mockito.ResetMocksTestExecutionListener, org.springframework.test.context.web.ServletTestExecutionListener, org.springframework.test.context.support.DirtiesContextBeforeModesTestExecutionListener, org.springframework.test.context.event.ApplicationEventsTestExecutionListener, org.springframework.test.context.support.DependencyInjectionTestExecutionListener, org.springframework.test.context.support.DirtiesContextTestExecutionListener, org.springframework.test.context.transaction.TransactionalTestExecutionListener, org.springframework.test.context.jdbc.SqlScriptsTestExecutionListener, org.springframework.test.context.event.EventPublishingTestExecutionListener]
2021-06-20 00:42:58,515 INFO org.springframework.boot.test.context.SpringBootTestContextBootstrapper [main] Using TestExecutionListeners: [org.springframework.test.context.web.ServletTestExecutionListener@756cf158, org.springframework.test.context.support.DirtiesContextBeforeModesTestExecutionListener@3f2ef586, org.springframework.test.context.event.ApplicationEventsTestExecutionListener@751d3241, org.springframework.boot.test.mock.mockito.MockitoTestExecutionListener@76c7beb3, org.springframework.boot.test.autoconfigure.SpringBootDependencyInjectionTestExecutionListener@64337702, org.springframework.test.context.support.DirtiesContextTestExecutionListener@2cf92cc7, org.springframework.test.context.transaction.TransactionalTestExecutionListener@30ea8c23, org.springframework.test.context.jdbc.SqlScriptsTestExecutionListener@7b139eab, org.springframework.test.context.event.EventPublishingTestExecutionListener@4e76dac, org.springframework.boot.test.autoconfigure.restdocs.RestDocsTestExecutionListener@611df6e3, org.springframework.boot.test.autoconfigure.web.client.MockRestServiceServerResetTestExecutionListener@5f2f577, org.springframework.boot.test.autoconfigure.web.servlet.MockMvcPrintOnlyOnFailureTestExecutionListener@6273c5a4, org.springframework.boot.test.autoconfigure.web.servlet.WebDriverTestExecutionListener@5d465e4b, org.springframework.boot.test.autoconfigure.webservices.client.MockWebServiceServerTestExecutionListener@53e211ee, org.springframework.boot.test.mock.mockito.ResetMocksTestExecutionListener@41a90fa8]
2021-06-20 00:42:59,491 INFO com.service.TenantServiceTest [main] Starting TenantServiceTest using Java 15.0.2 on DESKTOP-NGM996T with PID 3376 (started by mahes in C:\Users\mahes\TenentModule\TenantModuleProject)
2021-06-20 00:42:59,498 INFO com.service.TenantServiceTest [main] No active profile set, falling back to default profiles: default
2021-06-20 00:43:03,083 INFO org.springframework.data.repository.config.RepositoryConfigurationDelegate [main] Bootstrapping Spring Data JPA repositories in DEFAULT mode.
2021-06-20 00:43:03,881 INFO org.springframework.data.repository.config.RepositoryConfigurationDelegate [main] Finished Spring Data repository scanning in 780 ms. Found 1 JPA repository interfaces.
2021-06-20 00:43:06,227 INFO com.zaxxer.hikari.HikariDataSource [main] HikariPool-1 - Starting...
2021-06-20 00:43:06,821 INFO com.zaxxer.hikari.HikariDataSource [main] HikariPool-1 - Start completed.
2021-06-20 00:43:07,780 INFO org.hibernate.jpa.internal.util.LogHelper [main] HHH000204: Processing PersistenceUnitInfo [name: default]
2021-06-20 00:43:07,946 INFO org.hibernate.Version [main] HHH000412: Hibernate ORM core version 5.4.32.Final
2021-06-20 00:43:08,074 INFO org.hibernate.annotations.common.Version [main] HCANN000001: Hibernate Commons Annotations {5.1.2.Final}
2021-06-20 00:43:08,432 INFO org.hibernate.dialect.Dialect [main] HHH000400: Using dialect: org.hibernate.dialect.PostgreSQL10Dialect
2021-06-20 00:43:09,571 INFO org.hibernate.tuple.PojoInstantiator [main] HHH000182: No default (no-argument) constructor for class: com.entities.Landlord (class must be instantiated by Interceptor)
2021-06-20 00:43:09,585 INFO org.hibernate.tuple.PojoInstantiator [main] HHH000182: No default (no-argument) constructor for class: com.entities.FlatBooking (class must be instantiated by Interceptor)
2021-06-20 00:43:10,508 INFO org.hibernate.engine.transaction.jta.platform.internal.JtaPlatformInitiator [main] HHH000490: Using JtaPlatform implementation: [org.hibernate.engine.transaction.jta.platform.internal.NoJtaPlatform]
2021-06-20 00:43:10,526 INFO org.springframework.orm.jpa.LocalContainerEntityManagerFactoryBean [main] Initialized JPA EntityManagerFactory for persistence unit 'default'
2021-06-20 00:43:11,751 WARN org.springframework.boot.autoconfigure.orm.jpa.JpaBaseConfiguration$JpaWebConfiguration [main] spring.jpa.open-in-view is enabled by default. Therefore, database queries may be performed during view rendering. Explicitly configure spring.jpa.open-in-view to disable this warning
2021-06-20 00:43:16,098 INFO com.service.TenantServiceTest [main] Started TenantServiceTest in 17.341 seconds (JVM running for 20.402)
2021-06-20 00:43:16,620 INFO org.springframework.orm.jpa.LocalContainerEntityManagerFactoryBean [SpringApplicationShutdownHook] Closing JPA EntityManagerFactory for persistence unit 'default'
2021-06-20 00:43:16,625 INFO com.zaxxer.hikari.HikariDataSource [SpringApplicationShutdownHook] HikariPool-1 - Shutdown initiated...
2021-06-20 00:43:16,642 INFO com.zaxxer.hikari.HikariDataSource [SpringApplicationShutdownHook] HikariPool-1 - Shutdown completed.
