2021-06-20 02:23:35,066 WARN com.zaxxer.hikari.pool.HikariPool [HikariPool-1 housekeeper] HikariPool-1 - Thread starvation or clock leap detected (housekeeper delta=3h29s579ms922µs700ns).
2021-06-20 13:03:57,246 WARN com.zaxxer.hikari.pool.HikariPool [HikariPool-1 housekeeper] HikariPool-1 - Thread starvation or clock leap detected (housekeeper delta=10h40m31s550ms354µs600ns).
2021-06-20 13:33:53,380 INFO com.OnlineFlatRentalApplication [main] Starting OnlineFlatRentalApplication using Java 15.0.2 on DESKTOP-9L7FDO8 with PID 6080 (C:\Users\ASHISH\git\OnlineFlatRentalApplication\OnlineFlatRentalApplication\bin\main started by ASHISH in C:\Users\ASHISH\git\OnlineFlatRentalApplication\OnlineFlatRentalApplication)
2021-06-20 13:33:53,389 INFO com.OnlineFlatRentalApplication [main] No active profile set, falling back to default profiles: default
2021-06-20 13:33:56,623 INFO org.springframework.data.repository.config.RepositoryConfigurationDelegate [main] Bootstrapping Spring Data JPA repositories in DEFAULT mode.
2021-06-20 13:33:57,014 INFO org.springframework.data.repository.config.RepositoryConfigurationDelegate [main] Finished Spring Data repository scanning in 381 ms. Found 1 JPA repository interfaces.
2021-06-20 13:33:57,978 INFO org.springframework.boot.web.embedded.tomcat.TomcatWebServer [main] Tomcat initialized with port(s): 8080 (http)
2021-06-20 13:33:57,987 INFO org.apache.coyote.http11.Http11NioProtocol [main] Initializing ProtocolHandler ["http-nio-8080"]
2021-06-20 13:33:57,988 INFO org.apache.catalina.core.StandardService [main] Starting service [Tomcat]
2021-06-20 13:33:57,988 INFO org.apache.catalina.core.StandardEngine [main] Starting Servlet engine: [Apache Tomcat/9.0.46]
2021-06-20 13:33:58,108 INFO org.apache.catalina.core.ContainerBase.[Tomcat].[localhost].[/] [main] Initializing Spring embedded WebApplicationContext
2021-06-20 13:33:58,109 INFO org.springframework.boot.web.servlet.context.ServletWebServerApplicationContext [main] Root WebApplicationContext: initialization completed in 4577 ms
2021-06-20 13:33:58,305 INFO com.zaxxer.hikari.HikariDataSource [main] HikariPool-1 - Starting...
2021-06-20 13:34:00,023 INFO com.zaxxer.hikari.HikariDataSource [main] HikariPool-1 - Start completed.
2021-06-20 13:34:01,381 INFO org.hibernate.jpa.internal.util.LogHelper [main] HHH000204: Processing PersistenceUnitInfo [name: default]
2021-06-20 13:34:01,621 INFO org.hibernate.Version [main] HHH000412: Hibernate ORM core version 5.4.32.Final
2021-06-20 13:34:02,089 INFO org.hibernate.annotations.common.Version [main] HCANN000001: Hibernate Commons Annotations {5.1.2.Final}
2021-06-20 13:34:02,556 INFO org.hibernate.dialect.Dialect [main] HHH000400: Using dialect: org.hibernate.dialect.PostgreSQL10Dialect
2021-06-20 13:34:06,521 INFO org.hibernate.tuple.PojoInstantiator [main] HHH000182: No default (no-argument) constructor for class: com.entities.FlatBooking (class must be instantiated by Interceptor)
2021-06-20 13:34:06,531 INFO org.hibernate.tuple.PojoInstantiator [main] HHH000182: No default (no-argument) constructor for class: com.entities.UserOne (class must be instantiated by Interceptor)
2021-06-20 13:34:06,538 INFO org.hibernate.tuple.PojoInstantiator [main] HHH000182: No default (no-argument) constructor for class: com.entities.Tenant (class must be instantiated by Interceptor)
2021-06-20 13:34:06,544 INFO org.hibernate.tuple.PojoInstantiator [main] HHH000182: No default (no-argument) constructor for class: com.entities.Admin (class must be instantiated by Interceptor)
2021-06-20 13:34:08,077 INFO org.hibernate.engine.transaction.jta.platform.internal.JtaPlatformInitiator [main] HHH000490: Using JtaPlatform implementation: [org.hibernate.engine.transaction.jta.platform.internal.NoJtaPlatform]
2021-06-20 13:34:08,095 INFO org.springframework.orm.jpa.LocalContainerEntityManagerFactoryBean [main] Initialized JPA EntityManagerFactory for persistence unit 'default'
2021-06-20 13:34:08,952 WARN org.springframework.boot.autoconfigure.orm.jpa.JpaBaseConfiguration$JpaWebConfiguration [main] spring.jpa.open-in-view is enabled by default. Therefore, database queries may be performed during view rendering. Explicitly configure spring.jpa.open-in-view to disable this warning
2021-06-20 13:34:10,533 INFO org.apache.coyote.http11.Http11NioProtocol [main] Starting ProtocolHandler ["http-nio-8080"]
2021-06-20 13:34:10,589 INFO org.springframework.boot.web.embedded.tomcat.TomcatWebServer [main] Tomcat started on port(s): 8080 (http) with context path ''
2021-06-20 13:34:10,946 INFO com.OnlineFlatRentalApplication [main] Started OnlineFlatRentalApplication in 18.254 seconds (JVM running for 19.492)
2021-06-20 13:34:18,812 INFO org.apache.catalina.core.ContainerBase.[Tomcat].[localhost].[/] [http-nio-8080-exec-4] Initializing Spring DispatcherServlet 'dispatcherServlet'
2021-06-20 13:34:18,813 INFO org.springframework.web.servlet.DispatcherServlet [http-nio-8080-exec-4] Initializing Servlet 'dispatcherServlet'
2021-06-20 13:34:18,817 INFO org.springframework.web.servlet.DispatcherServlet [http-nio-8080-exec-4] Completed initialization in 4 ms
2021-06-20 13:34:20,275 ERROR springfox.documentation.swagger2.mappers.ReferenceModelSpecificationToPropertyConverter [http-nio-8080-exec-9] Unable to find a model that matches key ModelKey{qualifiedModelName=ModelName{namespace='java.util', name='Optional«Landlord»'}, viewDiscriminator=null, validationGroupDiscriminators=[], isResponse=true}
2021-06-20 13:34:34,719 ERROR springfox.documentation.swagger2.mappers.ReferenceModelSpecificationToPropertyConverter [http-nio-8080-exec-10] Unable to find a model that matches key ModelKey{qualifiedModelName=ModelName{namespace='java.util', name='Optional«Landlord»'}, viewDiscriminator=null, validationGroupDiscriminators=[], isResponse=true}
2021-06-20 13:35:33,834 INFO org.springframework.boot.admin.SpringApplicationAdminMXBeanRegistrar$SpringApplicationAdmin [RMI TCP Connection(2)-127.0.0.1] Application shutdown requested.
2021-06-20 13:35:33,892 INFO org.springframework.orm.jpa.LocalContainerEntityManagerFactoryBean [RMI TCP Connection(2)-127.0.0.1] Closing JPA EntityManagerFactory for persistence unit 'default'
2021-06-20 13:35:33,894 INFO com.zaxxer.hikari.HikariDataSource [RMI TCP Connection(2)-127.0.0.1] HikariPool-1 - Shutdown initiated...
2021-06-20 13:35:33,900 INFO com.zaxxer.hikari.HikariDataSource [RMI TCP Connection(2)-127.0.0.1] HikariPool-1 - Shutdown completed.
2021-06-20 13:35:39,615 INFO com.OnlineFlatRentalApplication [main] Starting OnlineFlatRentalApplication using Java 15.0.2 on DESKTOP-9L7FDO8 with PID 1356 (C:\Users\ASHISH\git\OnlineFlatRentalApplication\OnlineFlatRentalApplication\bin\main started by ASHISH in C:\Users\ASHISH\git\OnlineFlatRentalApplication\OnlineFlatRentalApplication)
2021-06-20 13:35:39,621 INFO com.OnlineFlatRentalApplication [main] No active profile set, falling back to default profiles: default
2021-06-20 13:35:41,540 INFO org.springframework.data.repository.config.RepositoryConfigurationDelegate [main] Bootstrapping Spring Data JPA repositories in DEFAULT mode.
2021-06-20 13:35:41,968 INFO org.springframework.data.repository.config.RepositoryConfigurationDelegate [main] Finished Spring Data repository scanning in 417 ms. Found 1 JPA repository interfaces.
2021-06-20 13:35:42,710 INFO org.springframework.boot.web.embedded.tomcat.TomcatWebServer [main] Tomcat initialized with port(s): 8080 (http)
2021-06-20 13:35:42,723 INFO org.apache.coyote.http11.Http11NioProtocol [main] Initializing ProtocolHandler ["http-nio-8080"]
2021-06-20 13:35:42,724 INFO org.apache.catalina.core.StandardService [main] Starting service [Tomcat]
2021-06-20 13:35:42,724 INFO org.apache.catalina.core.StandardEngine [main] Starting Servlet engine: [Apache Tomcat/9.0.46]
2021-06-20 13:35:42,906 INFO org.apache.catalina.core.ContainerBase.[Tomcat].[localhost].[/] [main] Initializing Spring embedded WebApplicationContext
2021-06-20 13:35:42,906 INFO org.springframework.boot.web.servlet.context.ServletWebServerApplicationContext [main] Root WebApplicationContext: initialization completed in 3191 ms
2021-06-20 13:35:43,100 INFO com.zaxxer.hikari.HikariDataSource [main] HikariPool-1 - Starting...
2021-06-20 13:35:43,367 INFO com.zaxxer.hikari.HikariDataSource [main] HikariPool-1 - Start completed.
2021-06-20 13:35:43,940 INFO org.hibernate.jpa.internal.util.LogHelper [main] HHH000204: Processing PersistenceUnitInfo [name: default]
2021-06-20 13:35:44,501 INFO org.hibernate.Version [main] HHH000412: Hibernate ORM core version 5.4.32.Final
2021-06-20 13:35:45,165 INFO org.hibernate.annotations.common.Version [main] HCANN000001: Hibernate Commons Annotations {5.1.2.Final}
2021-06-20 13:35:45,478 INFO org.hibernate.dialect.Dialect [main] HHH000400: Using dialect: org.hibernate.dialect.PostgreSQL10Dialect
2021-06-20 13:35:47,264 INFO org.hibernate.tuple.PojoInstantiator [main] HHH000182: No default (no-argument) constructor for class: com.entities.FlatBooking (class must be instantiated by Interceptor)
2021-06-20 13:35:47,274 INFO org.hibernate.tuple.PojoInstantiator [main] HHH000182: No default (no-argument) constructor for class: com.entities.UserOne (class must be instantiated by Interceptor)
2021-06-20 13:35:47,281 INFO org.hibernate.tuple.PojoInstantiator [main] HHH000182: No default (no-argument) constructor for class: com.entities.Tenant (class must be instantiated by Interceptor)
2021-06-20 13:35:47,287 INFO org.hibernate.tuple.PojoInstantiator [main] HHH000182: No default (no-argument) constructor for class: com.entities.Admin (class must be instantiated by Interceptor)
2021-06-20 13:35:48,135 INFO org.hibernate.engine.transaction.jta.platform.internal.JtaPlatformInitiator [main] HHH000490: Using JtaPlatform implementation: [org.hibernate.engine.transaction.jta.platform.internal.NoJtaPlatform]
2021-06-20 13:35:49,218 INFO org.springframework.orm.jpa.LocalContainerEntityManagerFactoryBean [main] Initialized JPA EntityManagerFactory for persistence unit 'default'
2021-06-20 13:35:49,812 WARN org.springframework.boot.autoconfigure.orm.jpa.JpaBaseConfiguration$JpaWebConfiguration [main] spring.jpa.open-in-view is enabled by default. Therefore, database queries may be performed during view rendering. Explicitly configure spring.jpa.open-in-view to disable this warning
2021-06-20 13:35:50,946 INFO org.apache.coyote.http11.Http11NioProtocol [main] Starting ProtocolHandler ["http-nio-8080"]
2021-06-20 13:35:50,986 INFO org.springframework.boot.web.embedded.tomcat.TomcatWebServer [main] Tomcat started on port(s): 8080 (http) with context path ''
2021-06-20 13:35:51,287 INFO com.OnlineFlatRentalApplication [main] Started OnlineFlatRentalApplication in 12.075 seconds (JVM running for 13.206)
2021-06-20 13:36:03,918 INFO org.apache.catalina.core.ContainerBase.[Tomcat].[localhost].[/] [http-nio-8080-exec-1] Initializing Spring DispatcherServlet 'dispatcherServlet'
2021-06-20 13:36:03,919 INFO org.springframework.web.servlet.DispatcherServlet [http-nio-8080-exec-1] Initializing Servlet 'dispatcherServlet'
2021-06-20 13:36:03,920 INFO org.springframework.web.servlet.DispatcherServlet [http-nio-8080-exec-1] Completed initialization in 1 ms
2021-06-20 13:36:05,225 ERROR springfox.documentation.swagger2.mappers.ReferenceModelSpecificationToPropertyConverter [http-nio-8080-exec-8] Unable to find a model that matches key ModelKey{qualifiedModelName=ModelName{namespace='java.util', name='Optional«Landlord»'}, viewDiscriminator=null, validationGroupDiscriminators=[], isResponse=true}
2021-06-20 13:36:52,993 INFO org.springframework.boot.admin.SpringApplicationAdminMXBeanRegistrar$SpringApplicationAdmin [RMI TCP Connection(2)-127.0.0.1] Application shutdown requested.
2021-06-20 13:36:53,035 INFO org.springframework.orm.jpa.LocalContainerEntityManagerFactoryBean [RMI TCP Connection(2)-127.0.0.1] Closing JPA EntityManagerFactory for persistence unit 'default'
2021-06-20 13:36:53,037 INFO com.zaxxer.hikari.HikariDataSource [RMI TCP Connection(2)-127.0.0.1] HikariPool-1 - Shutdown initiated...
2021-06-20 13:36:53,043 INFO com.zaxxer.hikari.HikariDataSource [RMI TCP Connection(2)-127.0.0.1] HikariPool-1 - Shutdown completed.
2021-06-20 13:36:59,260 INFO com.OnlineFlatRentalApplication [main] Starting OnlineFlatRentalApplication using Java 15.0.2 on DESKTOP-9L7FDO8 with PID 7792 (C:\Users\ASHISH\git\OnlineFlatRentalApplication\OnlineFlatRentalApplication\bin\main started by ASHISH in C:\Users\ASHISH\git\OnlineFlatRentalApplication\OnlineFlatRentalApplication)
2021-06-20 13:36:59,262 INFO com.OnlineFlatRentalApplication [main] No active profile set, falling back to default profiles: default
2021-06-20 13:37:01,154 INFO org.springframework.data.repository.config.RepositoryConfigurationDelegate [main] Bootstrapping Spring Data JPA repositories in DEFAULT mode.
2021-06-20 13:37:01,589 INFO org.springframework.data.repository.config.RepositoryConfigurationDelegate [main] Finished Spring Data repository scanning in 420 ms. Found 1 JPA repository interfaces.
2021-06-20 13:37:02,334 INFO org.springframework.boot.web.embedded.tomcat.TomcatWebServer [main] Tomcat initialized with port(s): 8080 (http)
2021-06-20 13:37:02,346 INFO org.apache.coyote.http11.Http11NioProtocol [main] Initializing ProtocolHandler ["http-nio-8080"]
2021-06-20 13:37:02,346 INFO org.apache.catalina.core.StandardService [main] Starting service [Tomcat]
2021-06-20 13:37:02,346 INFO org.apache.catalina.core.StandardEngine [main] Starting Servlet engine: [Apache Tomcat/9.0.46]
2021-06-20 13:37:02,472 INFO org.apache.catalina.core.ContainerBase.[Tomcat].[localhost].[/] [main] Initializing Spring embedded WebApplicationContext
2021-06-20 13:37:02,473 INFO org.springframework.boot.web.servlet.context.ServletWebServerApplicationContext [main] Root WebApplicationContext: initialization completed in 3146 ms
2021-06-20 13:37:02,629 INFO com.zaxxer.hikari.HikariDataSource [main] HikariPool-1 - Starting...
2021-06-20 13:37:03,382 INFO com.zaxxer.hikari.HikariDataSource [main] HikariPool-1 - Start completed.
2021-06-20 13:37:03,864 INFO org.hibernate.jpa.internal.util.LogHelper [main] HHH000204: Processing PersistenceUnitInfo [name: default]
2021-06-20 13:37:03,919 INFO org.hibernate.Version [main] HHH000412: Hibernate ORM core version 5.4.32.Final
2021-06-20 13:37:04,089 INFO org.hibernate.annotations.common.Version [main] HCANN000001: Hibernate Commons Annotations {5.1.2.Final}
2021-06-20 13:37:04,233 INFO org.hibernate.dialect.Dialect [main] HHH000400: Using dialect: org.hibernate.dialect.PostgreSQL10Dialect
2021-06-20 13:37:05,175 INFO org.hibernate.tuple.PojoInstantiator [main] HHH000182: No default (no-argument) constructor for class: com.entities.FlatBooking (class must be instantiated by Interceptor)
2021-06-20 13:37:05,184 INFO org.hibernate.tuple.PojoInstantiator [main] HHH000182: No default (no-argument) constructor for class: com.entities.UserOne (class must be instantiated by Interceptor)
2021-06-20 13:37:05,191 INFO org.hibernate.tuple.PojoInstantiator [main] HHH000182: No default (no-argument) constructor for class: com.entities.Tenant (class must be instantiated by Interceptor)
2021-06-20 13:37:05,197 INFO org.hibernate.tuple.PojoInstantiator [main] HHH000182: No default (no-argument) constructor for class: com.entities.Admin (class must be instantiated by Interceptor)
2021-06-20 13:37:05,990 INFO org.hibernate.engine.transaction.jta.platform.internal.JtaPlatformInitiator [main] HHH000490: Using JtaPlatform implementation: [org.hibernate.engine.transaction.jta.platform.internal.NoJtaPlatform]
2021-06-20 13:37:06,001 INFO org.springframework.orm.jpa.LocalContainerEntityManagerFactoryBean [main] Initialized JPA EntityManagerFactory for persistence unit 'default'
2021-06-20 13:37:06,569 WARN org.springframework.boot.autoconfigure.orm.jpa.JpaBaseConfiguration$JpaWebConfiguration [main] spring.jpa.open-in-view is enabled by default. Therefore, database queries may be performed during view rendering. Explicitly configure spring.jpa.open-in-view to disable this warning
2021-06-20 13:37:07,673 INFO org.apache.coyote.http11.Http11NioProtocol [main] Starting ProtocolHandler ["http-nio-8080"]
2021-06-20 13:37:08,051 INFO org.springframework.boot.web.embedded.tomcat.TomcatWebServer [main] Tomcat started on port(s): 8080 (http) with context path ''
2021-06-20 13:37:08,365 INFO com.OnlineFlatRentalApplication [main] Started OnlineFlatRentalApplication in 9.512 seconds (JVM running for 10.669)
2021-06-20 13:37:15,392 INFO org.apache.catalina.core.ContainerBase.[Tomcat].[localhost].[/] [http-nio-8080-exec-1] Initializing Spring DispatcherServlet 'dispatcherServlet'
2021-06-20 13:37:15,392 INFO org.springframework.web.servlet.DispatcherServlet [http-nio-8080-exec-1] Initializing Servlet 'dispatcherServlet'
2021-06-20 13:37:15,394 INFO org.springframework.web.servlet.DispatcherServlet [http-nio-8080-exec-1] Completed initialization in 2 ms
2021-06-20 13:37:15,853 ERROR springfox.documentation.swagger2.mappers.ReferenceModelSpecificationToPropertyConverter [http-nio-8080-exec-6] Unable to find a model that matches key ModelKey{qualifiedModelName=ModelName{namespace='java.util', name='Optional«Landlord»'}, viewDiscriminator=null, validationGroupDiscriminators=[], isResponse=true}
2021-06-20 13:37:31,580 WARN org.hibernate.engine.jdbc.spi.SqlExceptionHelper [http-nio-8080-exec-9] SQL Error: 0, SQLState: 23505
2021-06-20 13:37:31,581 ERROR org.hibernate.engine.jdbc.spi.SqlExceptionHelper [http-nio-8080-exec-9] ERROR: duplicate key value violates unique constraint "landlord_pkey"
  Detail: Key (landlord_id)=(2) already exists.
2021-06-20 13:38:46,538 WARN org.hibernate.engine.jdbc.spi.SqlExceptionHelper [http-nio-8080-exec-3] SQL Error: 0, SQLState: 23505
2021-06-20 13:38:46,539 ERROR org.hibernate.engine.jdbc.spi.SqlExceptionHelper [http-nio-8080-exec-3] ERROR: duplicate key value violates unique constraint "landlord_pkey"
  Detail: Key (landlord_id)=(3) already exists.
2021-06-20 13:40:48,435 ERROR springfox.documentation.swagger2.mappers.ReferenceModelSpecificationToPropertyConverter [http-nio-8080-exec-7] Unable to find a model that matches key ModelKey{qualifiedModelName=ModelName{namespace='java.util', name='Optional«Landlord»'}, viewDiscriminator=null, validationGroupDiscriminators=[], isResponse=true}
2021-06-20 13:45:17,244 INFO org.springframework.boot.admin.SpringApplicationAdminMXBeanRegistrar$SpringApplicationAdmin [RMI TCP Connection(2)-127.0.0.1] Application shutdown requested.
2021-06-20 13:45:17,304 INFO org.springframework.orm.jpa.LocalContainerEntityManagerFactoryBean [RMI TCP Connection(2)-127.0.0.1] Closing JPA EntityManagerFactory for persistence unit 'default'
2021-06-20 13:45:17,306 INFO com.zaxxer.hikari.HikariDataSource [RMI TCP Connection(2)-127.0.0.1] HikariPool-1 - Shutdown initiated...
2021-06-20 13:45:17,313 INFO com.zaxxer.hikari.HikariDataSource [RMI TCP Connection(2)-127.0.0.1] HikariPool-1 - Shutdown completed.
2021-06-20 13:45:31,819 INFO com.OnlineFlatRentalApplication [main] Starting OnlineFlatRentalApplication using Java 15.0.2 on DESKTOP-9L7FDO8 with PID 6496 (C:\Users\ASHISH\git\OnlineFlatRentalApplication\OnlineFlatRentalApplication\bin\main started by ASHISH in C:\Users\ASHISH\git\OnlineFlatRentalApplication\OnlineFlatRentalApplication)
2021-06-20 13:45:31,823 INFO com.OnlineFlatRentalApplication [main] No active profile set, falling back to default profiles: default
2021-06-20 13:45:33,282 INFO org.springframework.data.repository.config.RepositoryConfigurationDelegate [main] Bootstrapping Spring Data JPA repositories in DEFAULT mode.
2021-06-20 13:45:33,681 INFO org.springframework.data.repository.config.RepositoryConfigurationDelegate [main] Finished Spring Data repository scanning in 389 ms. Found 1 JPA repository interfaces.
2021-06-20 13:45:34,381 INFO org.springframework.boot.web.embedded.tomcat.TomcatWebServer [main] Tomcat initialized with port(s): 8080 (http)
2021-06-20 13:45:34,391 INFO org.apache.coyote.http11.Http11NioProtocol [main] Initializing ProtocolHandler ["http-nio-8080"]
2021-06-20 13:45:34,392 INFO org.apache.catalina.core.StandardService [main] Starting service [Tomcat]
2021-06-20 13:45:34,392 INFO org.apache.catalina.core.StandardEngine [main] Starting Servlet engine: [Apache Tomcat/9.0.46]
2021-06-20 13:45:34,510 INFO org.apache.catalina.core.ContainerBase.[Tomcat].[localhost].[/] [main] Initializing Spring embedded WebApplicationContext
2021-06-20 13:45:34,511 INFO org.springframework.boot.web.servlet.context.ServletWebServerApplicationContext [main] Root WebApplicationContext: initialization completed in 2622 ms
2021-06-20 13:45:34,667 INFO com.zaxxer.hikari.HikariDataSource [main] HikariPool-1 - Starting...
2021-06-20 13:45:36,442 INFO com.zaxxer.hikari.HikariDataSource [main] HikariPool-1 - Start completed.
2021-06-20 13:45:36,825 INFO org.hibernate.jpa.internal.util.LogHelper [main] HHH000204: Processing PersistenceUnitInfo [name: default]
2021-06-20 13:45:36,879 INFO org.hibernate.Version [main] HHH000412: Hibernate ORM core version 5.4.32.Final
2021-06-20 13:45:37,035 INFO org.hibernate.annotations.common.Version [main] HCANN000001: Hibernate Commons Annotations {5.1.2.Final}
2021-06-20 13:45:37,177 INFO org.hibernate.dialect.Dialect [main] HHH000400: Using dialect: org.hibernate.dialect.PostgreSQL10Dialect
2021-06-20 13:45:38,091 INFO org.hibernate.tuple.PojoInstantiator [main] HHH000182: No default (no-argument) constructor for class: com.entities.FlatBooking (class must be instantiated by Interceptor)
2021-06-20 13:45:38,099 INFO org.hibernate.tuple.PojoInstantiator [main] HHH000182: No default (no-argument) constructor for class: com.entities.UserOne (class must be instantiated by Interceptor)
2021-06-20 13:45:38,106 INFO org.hibernate.tuple.PojoInstantiator [main] HHH000182: No default (no-argument) constructor for class: com.entities.Tenant (class must be instantiated by Interceptor)
2021-06-20 13:45:38,113 INFO org.hibernate.tuple.PojoInstantiator [main] HHH000182: No default (no-argument) constructor for class: com.entities.Admin (class must be instantiated by Interceptor)
2021-06-20 13:45:38,905 INFO org.hibernate.engine.transaction.jta.platform.internal.JtaPlatformInitiator [main] HHH000490: Using JtaPlatform implementation: [org.hibernate.engine.transaction.jta.platform.internal.NoJtaPlatform]
2021-06-20 13:45:38,916 INFO org.springframework.orm.jpa.LocalContainerEntityManagerFactoryBean [main] Initialized JPA EntityManagerFactory for persistence unit 'default'
2021-06-20 13:45:39,470 WARN org.springframework.boot.autoconfigure.orm.jpa.JpaBaseConfiguration$JpaWebConfiguration [main] spring.jpa.open-in-view is enabled by default. Therefore, database queries may be performed during view rendering. Explicitly configure spring.jpa.open-in-view to disable this warning
2021-06-20 13:45:40,580 INFO org.apache.coyote.http11.Http11NioProtocol [main] Starting ProtocolHandler ["http-nio-8080"]
2021-06-20 13:45:40,619 INFO org.springframework.boot.web.embedded.tomcat.TomcatWebServer [main] Tomcat started on port(s): 8080 (http) with context path ''
2021-06-20 13:45:40,919 INFO com.OnlineFlatRentalApplication [main] Started OnlineFlatRentalApplication in 9.526 seconds (JVM running for 10.518)
2021-06-20 13:45:47,378 INFO org.apache.catalina.core.ContainerBase.[Tomcat].[localhost].[/] [http-nio-8080-exec-1] Initializing Spring DispatcherServlet 'dispatcherServlet'
2021-06-20 13:45:47,378 INFO org.springframework.web.servlet.DispatcherServlet [http-nio-8080-exec-1] Initializing Servlet 'dispatcherServlet'
2021-06-20 13:45:47,379 INFO org.springframework.web.servlet.DispatcherServlet [http-nio-8080-exec-1] Completed initialization in 1 ms
2021-06-20 13:45:47,715 ERROR springfox.documentation.swagger2.mappers.ReferenceModelSpecificationToPropertyConverter [http-nio-8080-exec-6] Unable to find a model that matches key ModelKey{qualifiedModelName=ModelName{namespace='java.util', name='Optional«Landlord»'}, viewDiscriminator=null, validationGroupDiscriminators=[], isResponse=true}
2021-06-20 14:46:03,098 WARN com.zaxxer.hikari.pool.HikariPool [HikariPool-1 housekeeper] HikariPool-1 - Thread starvation or clock leap detected (housekeeper delta=43m26s274ms839µs).
2021-06-20 14:47:37,492 INFO org.springframework.boot.admin.SpringApplicationAdminMXBeanRegistrar$SpringApplicationAdmin [RMI TCP Connection(2)-127.0.0.1] Application shutdown requested.
2021-06-20 14:47:37,566 INFO org.springframework.orm.jpa.LocalContainerEntityManagerFactoryBean [RMI TCP Connection(2)-127.0.0.1] Closing JPA EntityManagerFactory for persistence unit 'default'
2021-06-20 14:47:37,569 INFO com.zaxxer.hikari.HikariDataSource [RMI TCP Connection(2)-127.0.0.1] HikariPool-1 - Shutdown initiated...
2021-06-20 14:47:37,583 INFO com.zaxxer.hikari.HikariDataSource [RMI TCP Connection(2)-127.0.0.1] HikariPool-1 - Shutdown completed.
